COMMAND    PID USER   FD      TYPE DEVICE SIZE/OFF    NODE NAME
portainer 2693 root  cwd       DIR   0,64       14 9574451 /
portainer 2693 root  rtd       DIR   0,64       14 9574451 /
portainer 2693 root  txt       REG   0,64 50266112 9574331 /portainer
portainer 2693 root  mem       REG   0,26          9574331 /portainer (stat: No such file or directory)
portainer 2693 root  mem-W     REG   0,26          9574497 /data/portainer.db (stat: No such file or directory)
portainer 2693 root    0u      CHR    1,3      0t0       5 /dev/null
portainer 2693 root    1w     FIFO   0,13      0t0   24230 pipe
portainer 2693 root    2w     FIFO   0,13      0t0   24231 pipe
portainer 2693 root    3u      REG   0,28   131072 9574497 /data/portainer.db
portainer 2693 root    4u  a_inode   0,14        0      54 [eventpoll:5,8,9,10]
portainer 2693 root    5r     FIFO   0,13      0t0   23545 pipe
portainer 2693 root    6w     FIFO   0,13      0t0   23545 pipe
portainer 2693 root    8u     sock    0,8      0t0   33024 protocol: TCPv6
portainer 2693 root    9u     sock    0,8      0t0   33887 protocol: TCPv6
portainer 2693 root   10u     sock    0,8      0t0   21337 protocol: TCPv6
=======
COMMAND    PID USER   FD      TYPE DEVICE SIZE/OFF    NODE NAME
portainer 2693 root  cwd       DIR   0,64       14 9574451 /
portainer 2693 root  rtd       DIR   0,64       14 9574451 /
portainer 2693 root  txt       REG   0,64 50266112 9574331 /portainer
portainer 2693 root  mem       REG   0,26          9574331 /portainer (stat: No such file or directory)
portainer 2693 root  mem-W     REG   0,26          9574497 /data/portainer.db (stat: No such file or directory)
portainer 2693 root    0u      CHR    1,3      0t0       5 /dev/null
portainer 2693 root    1w     FIFO   0,13      0t0   24230 pipe
portainer 2693 root    2w     FIFO   0,13      0t0   24231 pipe
portainer 2693 root    3u      REG   0,28   131072 9574497 /data/portainer.db
portainer 2693 root    4u  a_inode   0,14        0      54 [eventpoll:5,8,9,10]
portainer 2693 root    5r     FIFO   0,13      0t0   23545 pipe
portainer 2693 root    6w     FIFO   0,13      0t0   23545 pipe
portainer 2693 root    8u     sock    0,8      0t0   33024 protocol: TCPv6
portainer 2693 root    9u     sock    0,8      0t0   33887 protocol: TCPv6
portainer 2693 root   10u     sock    0,8      0t0   21337 protocol: TCPv6
=======
COMMAND    PID USER   FD      TYPE DEVICE SIZE/OFF    NODE NAME
portainer 2693 root  cwd       DIR   0,64       14 9574451 /
portainer 2693 root  rtd       DIR   0,64       14 9574451 /
portainer 2693 root  txt       REG   0,64 50266112 9574331 /portainer
portainer 2693 root  mem       REG   0,26          9574331 /portainer (stat: No such file or directory)
portainer 2693 root  mem-W     REG   0,26          9574497 /data/portainer.db (stat: No such file or directory)
portainer 2693 root    0u      CHR    1,3      0t0       5 /dev/null
portainer 2693 root    1w     FIFO   0,13      0t0   24230 pipe
portainer 2693 root    2w     FIFO   0,13      0t0   24231 pipe
portainer 2693 root    3u      REG   0,28   131072 9574497 /data/portainer.db
portainer 2693 root    4u  a_inode   0,14        0      54 [eventpoll:5,8,9,10]
portainer 2693 root    5r     FIFO   0,13      0t0   23545 pipe
portainer 2693 root    6w     FIFO   0,13      0t0   23545 pipe
portainer 2693 root    8u     sock    0,8      0t0   33024 protocol: TCPv6
portainer 2693 root    9u     sock    0,8      0t0   33887 protocol: TCPv6
portainer 2693 root   10u     sock    0,8      0t0   21337 protocol: TCPv6
=======
COMMAND    PID USER   FD      TYPE DEVICE SIZE/OFF    NODE NAME
portainer 2693 root  cwd       DIR   0,64       14 9574451 /
portainer 2693 root  rtd       DIR   0,64       14 9574451 /
portainer 2693 root  txt       REG   0,64 50266112 9574331 /portainer
portainer 2693 root  mem       REG   0,26          9574331 /portainer (stat: No such file or directory)
portainer 2693 root  mem-W     REG   0,26          9574497 /data/portainer.db (stat: No such file or directory)
portainer 2693 root    0u      CHR    1,3      0t0       5 /dev/null
portainer 2693 root    1w     FIFO   0,13      0t0   24230 pipe
portainer 2693 root    2w     FIFO   0,13      0t0   24231 pipe
portainer 2693 root    3u      REG   0,28   131072 9574497 /data/portainer.db
portainer 2693 root    4u  a_inode   0,14        0      54 [eventpoll:5,8,9,10]
portainer 2693 root    5r     FIFO   0,13      0t0   23545 pipe
portainer 2693 root    6w     FIFO   0,13      0t0   23545 pipe
portainer 2693 root    8u     sock    0,8      0t0   33024 protocol: TCPv6
portainer 2693 root    9u     sock    0,8      0t0   33887 protocol: TCPv6
portainer 2693 root   10u     sock    0,8      0t0   21337 protocol: TCPv6
=======
COMMAND    PID USER   FD      TYPE DEVICE SIZE/OFF    NODE NAME
portainer 2693 root  cwd       DIR   0,64       14 9574451 /
portainer 2693 root  rtd       DIR   0,64       14 9574451 /
portainer 2693 root  txt       REG   0,64 50266112 9574331 /portainer
portainer 2693 root  mem       REG   0,26          9574331 /portainer (stat: No such file or directory)
portainer 2693 root  mem-W     REG   0,26          9574497 /data/portainer.db (stat: No such file or directory)
portainer 2693 root    0u      CHR    1,3      0t0       5 /dev/null
portainer 2693 root    1w     FIFO   0,13      0t0   24230 pipe
portainer 2693 root    2w     FIFO   0,13      0t0   24231 pipe
portainer 2693 root    3u      REG   0,28   131072 9574497 /data/portainer.db
portainer 2693 root    4u  a_inode   0,14        0      54 [eventpoll:5,8,9,10]
portainer 2693 root    5r     FIFO   0,13      0t0   23545 pipe
portainer 2693 root    6w     FIFO   0,13      0t0   23545 pipe
portainer 2693 root    8u     sock    0,8      0t0   33024 protocol: TCPv6
portainer 2693 root    9u     sock    0,8      0t0   33887 protocol: TCPv6
portainer 2693 root   10u     sock    0,8      0t0   21337 protocol: TCPv6
=======
COMMAND    PID USER   FD      TYPE DEVICE SIZE/OFF    NODE NAME
portainer 2693 root  cwd       DIR   0,64       14 9574451 /
portainer 2693 root  rtd       DIR   0,64       14 9574451 /
portainer 2693 root  txt       REG   0,64 50266112 9574331 /portainer
portainer 2693 root  mem       REG   0,26          9574331 /portainer (stat: No such file or directory)
portainer 2693 root  mem-W     REG   0,26          9574497 /data/portainer.db (stat: No such file or directory)
portainer 2693 root    0u      CHR    1,3      0t0       5 /dev/null
portainer 2693 root    1w     FIFO   0,13      0t0   24230 pipe
portainer 2693 root    2w     FIFO   0,13      0t0   24231 pipe
portainer 2693 root    3u      REG   0,28   131072 9574497 /data/portainer.db
portainer 2693 root    4u  a_inode   0,14        0      54 [eventpoll:5,8,9,10]
portainer 2693 root    5r     FIFO   0,13      0t0   23545 pipe
portainer 2693 root    6w     FIFO   0,13      0t0   23545 pipe
portainer 2693 root    8u     sock    0,8      0t0   33024 protocol: TCPv6
portainer 2693 root    9u     sock    0,8      0t0   33887 protocol: TCPv6
portainer 2693 root   10u     sock    0,8      0t0   21337 protocol: TCPv6
=======
COMMAND    PID USER   FD      TYPE DEVICE SIZE/OFF    NODE NAME
portainer 2693 root  cwd       DIR   0,64       14 9574451 /
portainer 2693 root  rtd       DIR   0,64       14 9574451 /
portainer 2693 root  txt       REG   0,64 50266112 9574331 /portainer
portainer 2693 root  mem       REG   0,26          9574331 /portainer (stat: No such file or directory)
portainer 2693 root  mem-W     REG   0,26          9574497 /data/portainer.db (stat: No such file or directory)
portainer 2693 root    0u      CHR    1,3      0t0       5 /dev/null
portainer 2693 root    1w     FIFO   0,13      0t0   24230 pipe
portainer 2693 root    2w     FIFO   0,13      0t0   24231 pipe
portainer 2693 root    3u      REG   0,28   131072 9574497 /data/portainer.db
portainer 2693 root    4u  a_inode   0,14        0      54 [eventpoll:5,8,9,10]
portainer 2693 root    5r     FIFO   0,13      0t0   23545 pipe
portainer 2693 root    6w     FIFO   0,13      0t0   23545 pipe
portainer 2693 root    8u     sock    0,8      0t0   33024 protocol: TCPv6
portainer 2693 root    9u     sock    0,8      0t0   33887 protocol: TCPv6
portainer 2693 root   10u     sock    0,8      0t0   21337 protocol: TCPv6
=======
COMMAND    PID USER   FD      TYPE DEVICE SIZE/OFF    NODE NAME
portainer 2693 root  cwd       DIR   0,64       14 9574451 /
portainer 2693 root  rtd       DIR   0,64       14 9574451 /
portainer 2693 root  txt       REG   0,64 50266112 9574331 /portainer
portainer 2693 root  mem       REG   0,26          9574331 /portainer (stat: No such file or directory)
portainer 2693 root  mem-W     REG   0,26          9574497 /data/portainer.db (stat: No such file or directory)
portainer 2693 root    0u      CHR    1,3      0t0       5 /dev/null
portainer 2693 root    1w     FIFO   0,13      0t0   24230 pipe
portainer 2693 root    2w     FIFO   0,13      0t0   24231 pipe
portainer 2693 root    3u      REG   0,28   131072 9574497 /data/portainer.db
portainer 2693 root    4u  a_inode   0,14        0      54 [eventpoll:5,8,9,10]
portainer 2693 root    5r     FIFO   0,13      0t0   23545 pipe
portainer 2693 root    6w     FIFO   0,13      0t0   23545 pipe
portainer 2693 root    8u     sock    0,8      0t0   33024 protocol: TCPv6
portainer 2693 root    9u     sock    0,8      0t0   33887 protocol: TCPv6
portainer 2693 root   10u     sock    0,8      0t0   21337 protocol: TCPv6
=======
COMMAND    PID USER   FD      TYPE DEVICE SIZE/OFF    NODE NAME
portainer 2693 root  cwd       DIR   0,64       14 9574451 /
portainer 2693 root  rtd       DIR   0,64       14 9574451 /
portainer 2693 root  txt       REG   0,64 50266112 9574331 /portainer
portainer 2693 root  mem       REG   0,26          9574331 /portainer (stat: No such file or directory)
portainer 2693 root  mem-W     REG   0,26          9574497 /data/portainer.db (stat: No such file or directory)
portainer 2693 root    0u      CHR    1,3      0t0       5 /dev/null
portainer 2693 root    1w     FIFO   0,13      0t0   24230 pipe
portainer 2693 root    2w     FIFO   0,13      0t0   24231 pipe
portainer 2693 root    3u      REG   0,28   131072 9574497 /data/portainer.db
portainer 2693 root    4u  a_inode   0,14        0      54 [eventpoll:5,8,9,10]
portainer 2693 root    5r     FIFO   0,13      0t0   23545 pipe
portainer 2693 root    6w     FIFO   0,13      0t0   23545 pipe
portainer 2693 root    8u     sock    0,8      0t0   33024 protocol: TCPv6
portainer 2693 root    9u     sock    0,8      0t0   33887 protocol: TCPv6
portainer 2693 root   10u     sock    0,8      0t0   21337 protocol: TCPv6
=======
COMMAND    PID USER   FD      TYPE DEVICE SIZE/OFF    NODE NAME
portainer 2693 root  cwd       DIR   0,64       14 9574451 /
portainer 2693 root  rtd       DIR   0,64       14 9574451 /
portainer 2693 root  txt       REG   0,64 50266112 9574331 /portainer
portainer 2693 root  mem       REG   0,26          9574331 /portainer (stat: No such file or directory)
portainer 2693 root  mem-W     REG   0,26          9574497 /data/portainer.db (stat: No such file or directory)
portainer 2693 root    0u      CHR    1,3      0t0       5 /dev/null
portainer 2693 root    1w     FIFO   0,13      0t0   24230 pipe
portainer 2693 root    2w     FIFO   0,13      0t0   24231 pipe
portainer 2693 root    3u      REG   0,28   131072 9574497 /data/portainer.db
portainer 2693 root    4u  a_inode   0,14        0      54 [eventpoll:5,8,9,10]
portainer 2693 root    5r     FIFO   0,13      0t0   23545 pipe
portainer 2693 root    6w     FIFO   0,13      0t0   23545 pipe
portainer 2693 root    8u     sock    0,8      0t0   33024 protocol: TCPv6
portainer 2693 root    9u     sock    0,8      0t0   33887 protocol: TCPv6
portainer 2693 root   10u     sock    0,8      0t0   21337 protocol: TCPv6
=======
