futex(0x3400068, FUTEX_WAIT_PRIVATE, 0, NULL <detached ...>
restart_syscall(<... resuming interrupted read ...>) = -1 ETIMEDOUT (Tempo esgotado para conex達o)
nanosleep({tv_sec=0, tv_nsec=10000000}, NULL) = 0
futex(0x3400820, FUTEX_WAIT_PRIVATE, 0, {tv_sec=0, tv_nsec=259294664}) = -1 ETIMEDOUT (Tempo esgotado para conex達o)
nanosleep({tv_sec=0, tv_nsec=10000000}, NULL) = 0
futex(0x3400820, FUTEX_WAIT_PRIVATE, 0, {tv_sec=0, tv_nsec=16011508}) = -1 ETIMEDOUT (Tempo esgotado para conex達o)
nanosleep({tv_sec=0, tv_nsec=10000000}, NULL) = 0
futex(0x3400820, FUTEX_WAIT_PRIVATE, 0, {tv_sec=4, tv_nsec=692965126}) = -1 ETIMEDOUT (Tempo esgotado para conex達o)
nanosleep({tv_sec=0, tv_nsec=10000000}, NULL) = 0
futex(0x3400820, FUTEX_WAIT_PRIVATE, 0, {tv_sec=4, tv_nsec=989622704} <detached ...>
futex(0xc000080548, FUTEX_WAIT_PRIVATE, 0, NULL <detached ...>
futex(0xc000080948, FUTEX_WAIT_PRIVATE, 0, NULL <detached ...>
futex(0xc000480148, FUTEX_WAIT_PRIVATE, 0, NULL <detached ...>
futex(0xc000580148, FUTEX_WAIT_PRIVATE, 0, NULL) = 0
epoll_pwait(4, [], 128, 0, NULL, 0)     = 0
futex(0xc000580548, FUTEX_WAKE_PRIVATE, 1) = 1
futex(0xc000580148, FUTEX_WAIT_PRIVATE, 0, NULL) = 0
epoll_pwait(4, [], 128, 0, NULL, 0)     = 0
epoll_pwait(4, [], 128, 25, NULL, 0)    = 0
epoll_pwait(4, [], 128, 0, NULL, 0)     = 0
epoll_pwait(4, [], 128, 1, NULL, 0)     = 0
epoll_pwait(4, [], 128, 0, NULL, 0)     = 0
futex(0xc000636548, FUTEX_WAKE_PRIVATE, 1) = 1
epoll_pwait(4, [], 128, 0, NULL, 0)     = 0
epoll_pwait(4, [{events=EPOLLIN, data={u32=54724296, u64=54724296}}], 128, 139971, NULL, 0) = 1
read(5, "\0", 16)                       = 1
epoll_pwait(4, [], 128, 0, NULL, 0)     = 0
epoll_pwait(4, [], 128, 4702, NULL, 0)  = 0
epoll_pwait(4, [], 128, 0, NULL, 0)     = 0
futex(0xc000636548, FUTEX_WAKE_PRIVATE, 1) = 1
epoll_pwait(4, [], 128, 0, NULL, 0)     = 0
epoll_pwait(4,  <detached ...>
futex(0xc000620148, FUTEX_WAIT_PRIVATE, 0, NULL <detached ...>
futex(0xc000580548, FUTEX_WAIT_PRIVATE, 0, NULL) = 0
futex(0xc000580548, FUTEX_WAIT_PRIVATE, 0, NULL) = 0
epoll_pwait(4, [], 128, 0, NULL, 0)     = 0
futex(0xc000580548, FUTEX_WAIT_PRIVATE, 0, NULL <detached ...>
futex(0xc000620548, FUTEX_WAIT_PRIVATE, 0, NULL <detached ...>
futex(0xc000081548, FUTEX_WAIT_PRIVATE, 0, NULL <detached ...>
futex(0xc000636148, FUTEX_WAIT_PRIVATE, 0, NULL <detached ...>
futex(0xc0006ae148, FUTEX_WAIT_PRIVATE, 0, NULL <detached ...>
futex(0xc000081948, FUTEX_WAIT_PRIVATE, 0, NULL <detached ...>
epoll_pwait(4, [], 128, 0, NULL, 0)     = 0
epoll_pwait(4, [], 128, 1841, NULL, 0)  = 0
epoll_pwait(4, [], 128, 0, NULL, 0)     = 0
futex(0xc000580148, FUTEX_WAKE_PRIVATE, 1) = 1
epoll_pwait(4, [], 128, 0, NULL, 0)     = 0
epoll_pwait(4, [], 128, 268, NULL, 0)   = 0
epoll_pwait(4, [], 128, 0, NULL, 0)     = 0
futex(0xc000580148, FUTEX_WAKE_PRIVATE, 1) = 1
futex(0xc000636548, FUTEX_WAIT_PRIVATE, 0, NULL) = 0
write(6, "\0", 1)                       = 1
futex(0xc000636548, FUTEX_WAIT_PRIVATE, 0, NULL) = 0
epoll_pwait(4, [], 128, 0, NULL, 0)     = 0
futex(0xc000580548, FUTEX_WAKE_PRIVATE, 1) = 1
epoll_pwait(4, [], 128, 0, NULL, 0)     = 0
futex(0xc000636548, FUTEX_WAIT_PRIVATE, 0, NULL <detached ...>
COMMAND    PID USER   FD      TYPE DEVICE SIZE/OFF    NODE NAME
portainer 2693 root  cwd       DIR   0,64       14 9574451 /
portainer 2693 root  rtd       DIR   0,64       14 9574451 /
portainer 2693 root  txt       REG   0,64 50266112 9574331 /portainer
portainer 2693 root  mem       REG   0,26          9574331 /portainer (stat: No such file or directory)
portainer 2693 root  mem-W     REG   0,26          9574497 /data/portainer.db (stat: No such file or directory)
portainer 2693 root    0u      CHR    1,3      0t0       5 /dev/null
portainer 2693 root    1w     FIFO   0,13      0t0   24230 pipe
portainer 2693 root    2w     FIFO   0,13      0t0   24231 pipe
portainer 2693 root    3u      REG   0,28   131072 9574497 /data/portainer.db
portainer 2693 root    4u  a_inode   0,14        0      54 [eventpoll:5,8,9,10]
portainer 2693 root    5r     FIFO   0,13      0t0   23545 pipe
portainer 2693 root    6w     FIFO   0,13      0t0   23545 pipe
portainer 2693 root    8u     sock    0,8      0t0   33024 protocol: TCPv6
portainer 2693 root    9u     sock    0,8      0t0   33887 protocol: TCPv6
portainer 2693 root   10u     sock    0,8      0t0   21337 protocol: TCPv6
=======
COMMAND    PID USER   FD      TYPE DEVICE SIZE/OFF    NODE NAME
portainer 2693 root  cwd       DIR   0,64       14 9574451 /
portainer 2693 root  rtd       DIR   0,64       14 9574451 /
portainer 2693 root  txt       REG   0,64 50266112 9574331 /portainer
portainer 2693 root  mem       REG   0,26          9574331 /portainer (stat: No such file or directory)
portainer 2693 root  mem-W     REG   0,26          9574497 /data/portainer.db (stat: No such file or directory)
portainer 2693 root    0u      CHR    1,3      0t0       5 /dev/null
portainer 2693 root    1w     FIFO   0,13      0t0   24230 pipe
portainer 2693 root    2w     FIFO   0,13      0t0   24231 pipe
portainer 2693 root    3u      REG   0,28   131072 9574497 /data/portainer.db
portainer 2693 root    4u  a_inode   0,14        0      54 [eventpoll:5,8,9,10]
portainer 2693 root    5r     FIFO   0,13      0t0   23545 pipe
portainer 2693 root    6w     FIFO   0,13      0t0   23545 pipe
portainer 2693 root    8u     sock    0,8      0t0   33024 protocol: TCPv6
portainer 2693 root    9u     sock    0,8      0t0   33887 protocol: TCPv6
portainer 2693 root   10u     sock    0,8      0t0   21337 protocol: TCPv6
=======
COMMAND    PID USER   FD      TYPE DEVICE SIZE/OFF    NODE NAME
portainer 2693 root  cwd       DIR   0,64       14 9574451 /
portainer 2693 root  rtd       DIR   0,64       14 9574451 /
portainer 2693 root  txt       REG   0,64 50266112 9574331 /portainer
portainer 2693 root  mem       REG   0,26          9574331 /portainer (stat: No such file or directory)
portainer 2693 root  mem-W     REG   0,26          9574497 /data/portainer.db (stat: No such file or directory)
portainer 2693 root    0u      CHR    1,3      0t0       5 /dev/null
portainer 2693 root    1w     FIFO   0,13      0t0   24230 pipe
portainer 2693 root    2w     FIFO   0,13      0t0   24231 pipe
portainer 2693 root    3u      REG   0,28   131072 9574497 /data/portainer.db
portainer 2693 root    4u  a_inode   0,14        0      54 [eventpoll:5,8,9,10]
portainer 2693 root    5r     FIFO   0,13      0t0   23545 pipe
portainer 2693 root    6w     FIFO   0,13      0t0   23545 pipe
portainer 2693 root    8u     sock    0,8      0t0   33024 protocol: TCPv6
portainer 2693 root    9u     sock    0,8      0t0   33887 protocol: TCPv6
portainer 2693 root   10u     sock    0,8      0t0   21337 protocol: TCPv6
=======
COMMAND    PID USER   FD      TYPE DEVICE SIZE/OFF    NODE NAME
portainer 2693 root  cwd       DIR   0,64       14 9574451 /
portainer 2693 root  rtd       DIR   0,64       14 9574451 /
portainer 2693 root  txt       REG   0,64 50266112 9574331 /portainer
portainer 2693 root  mem       REG   0,26          9574331 /portainer (stat: No such file or directory)
portainer 2693 root  mem-W     REG   0,26          9574497 /data/portainer.db (stat: No such file or directory)
portainer 2693 root    0u      CHR    1,3      0t0       5 /dev/null
portainer 2693 root    1w     FIFO   0,13      0t0   24230 pipe
portainer 2693 root    2w     FIFO   0,13      0t0   24231 pipe
portainer 2693 root    3u      REG   0,28   131072 9574497 /data/portainer.db
portainer 2693 root    4u  a_inode   0,14        0      54 [eventpoll:5,8,9,10]
portainer 2693 root    5r     FIFO   0,13      0t0   23545 pipe
portainer 2693 root    6w     FIFO   0,13      0t0   23545 pipe
portainer 2693 root    8u     sock    0,8      0t0   33024 protocol: TCPv6
portainer 2693 root    9u     sock    0,8      0t0   33887 protocol: TCPv6
portainer 2693 root   10u     sock    0,8      0t0   21337 protocol: TCPv6
=======
COMMAND    PID USER   FD      TYPE DEVICE SIZE/OFF    NODE NAME
portainer 2693 root  cwd       DIR   0,64       14 9574451 /
portainer 2693 root  rtd       DIR   0,64       14 9574451 /
portainer 2693 root  txt       REG   0,64 50266112 9574331 /portainer
portainer 2693 root  mem       REG   0,26          9574331 /portainer (stat: No such file or directory)
portainer 2693 root  mem-W     REG   0,26          9574497 /data/portainer.db (stat: No such file or directory)
portainer 2693 root    0u      CHR    1,3      0t0       5 /dev/null
portainer 2693 root    1w     FIFO   0,13      0t0   24230 pipe
portainer 2693 root    2w     FIFO   0,13      0t0   24231 pipe
portainer 2693 root    3u      REG   0,28   131072 9574497 /data/portainer.db
portainer 2693 root    4u  a_inode   0,14        0      54 [eventpoll:5,8,9,10]
portainer 2693 root    5r     FIFO   0,13      0t0   23545 pipe
portainer 2693 root    6w     FIFO   0,13      0t0   23545 pipe
portainer 2693 root    8u     sock    0,8      0t0   33024 protocol: TCPv6
portainer 2693 root    9u     sock    0,8      0t0   33887 protocol: TCPv6
portainer 2693 root   10u     sock    0,8      0t0   21337 protocol: TCPv6
=======
COMMAND    PID USER   FD      TYPE DEVICE SIZE/OFF    NODE NAME
portainer 2693 root  cwd       DIR   0,64       14 9574451 /
portainer 2693 root  rtd       DIR   0,64       14 9574451 /
portainer 2693 root  txt       REG   0,64 50266112 9574331 /portainer
portainer 2693 root  mem       REG   0,26          9574331 /portainer (stat: No such file or directory)
portainer 2693 root  mem-W     REG   0,26          9574497 /data/portainer.db (stat: No such file or directory)
portainer 2693 root    0u      CHR    1,3      0t0       5 /dev/null
portainer 2693 root    1w     FIFO   0,13      0t0   24230 pipe
portainer 2693 root    2w     FIFO   0,13      0t0   24231 pipe
portainer 2693 root    3u      REG   0,28   131072 9574497 /data/portainer.db
portainer 2693 root    4u  a_inode   0,14        0      54 [eventpoll:5,8,9,10]
portainer 2693 root    5r     FIFO   0,13      0t0   23545 pipe
portainer 2693 root    6w     FIFO   0,13      0t0   23545 pipe
portainer 2693 root    8u     sock    0,8      0t0   33024 protocol: TCPv6
portainer 2693 root    9u     sock    0,8      0t0   33887 protocol: TCPv6
portainer 2693 root   10u     sock    0,8      0t0   21337 protocol: TCPv6
=======
COMMAND    PID USER   FD      TYPE DEVICE SIZE/OFF    NODE NAME
portainer 2693 root  cwd       DIR   0,64       14 9574451 /
portainer 2693 root  rtd       DIR   0,64       14 9574451 /
portainer 2693 root  txt       REG   0,64 50266112 9574331 /portainer
portainer 2693 root  mem       REG   0,26          9574331 /portainer (stat: No such file or directory)
portainer 2693 root  mem-W     REG   0,26          9574497 /data/portainer.db (stat: No such file or directory)
portainer 2693 root    0u      CHR    1,3      0t0       5 /dev/null
portainer 2693 root    1w     FIFO   0,13      0t0   24230 pipe
portainer 2693 root    2w     FIFO   0,13      0t0   24231 pipe
portainer 2693 root    3u      REG   0,28   131072 9574497 /data/portainer.db
portainer 2693 root    4u  a_inode   0,14        0      54 [eventpoll:5,8,9,10]
portainer 2693 root    5r     FIFO   0,13      0t0   23545 pipe
portainer 2693 root    6w     FIFO   0,13      0t0   23545 pipe
portainer 2693 root    8u     sock    0,8      0t0   33024 protocol: TCPv6
portainer 2693 root    9u     sock    0,8      0t0   33887 protocol: TCPv6
portainer 2693 root   10u     sock    0,8      0t0   21337 protocol: TCPv6
=======
COMMAND    PID USER   FD      TYPE DEVICE SIZE/OFF    NODE NAME
portainer 2693 root  cwd       DIR   0,64       14 9574451 /
portainer 2693 root  rtd       DIR   0,64       14 9574451 /
portainer 2693 root  txt       REG   0,64 50266112 9574331 /portainer
portainer 2693 root  mem       REG   0,26          9574331 /portainer (stat: No such file or directory)
portainer 2693 root  mem-W     REG   0,26          9574497 /data/portainer.db (stat: No such file or directory)
portainer 2693 root    0u      CHR    1,3      0t0       5 /dev/null
portainer 2693 root    1w     FIFO   0,13      0t0   24230 pipe
portainer 2693 root    2w     FIFO   0,13      0t0   24231 pipe
portainer 2693 root    3u      REG   0,28   131072 9574497 /data/portainer.db
portainer 2693 root    4u  a_inode   0,14        0      54 [eventpoll:5,8,9,10]
portainer 2693 root    5r     FIFO   0,13      0t0   23545 pipe
portainer 2693 root    6w     FIFO   0,13      0t0   23545 pipe
portainer 2693 root    8u     sock    0,8      0t0   33024 protocol: TCPv6
portainer 2693 root    9u     sock    0,8      0t0   33887 protocol: TCPv6
portainer 2693 root   10u     sock    0,8      0t0   21337 protocol: TCPv6
=======
COMMAND    PID USER   FD      TYPE DEVICE SIZE/OFF    NODE NAME
portainer 2693 root  cwd       DIR   0,64       14 9574451 /
portainer 2693 root  rtd       DIR   0,64       14 9574451 /
portainer 2693 root  txt       REG   0,64 50266112 9574331 /portainer
portainer 2693 root  mem       REG   0,26          9574331 /portainer (stat: No such file or directory)
portainer 2693 root  mem-W     REG   0,26          9574497 /data/portainer.db (stat: No such file or directory)
portainer 2693 root    0u      CHR    1,3      0t0       5 /dev/null
portainer 2693 root    1w     FIFO   0,13      0t0   24230 pipe
portainer 2693 root    2w     FIFO   0,13      0t0   24231 pipe
portainer 2693 root    3u      REG   0,28   131072 9574497 /data/portainer.db
portainer 2693 root    4u  a_inode   0,14        0      54 [eventpoll:5,8,9,10]
portainer 2693 root    5r     FIFO   0,13      0t0   23545 pipe
portainer 2693 root    6w     FIFO   0,13      0t0   23545 pipe
portainer 2693 root    8u     sock    0,8      0t0   33024 protocol: TCPv6
portainer 2693 root    9u     sock    0,8      0t0   33887 protocol: TCPv6
portainer 2693 root   10u     sock    0,8      0t0   21337 protocol: TCPv6
=======
COMMAND    PID USER   FD      TYPE DEVICE SIZE/OFF    NODE NAME
portainer 2693 root  cwd       DIR   0,64       14 9574451 /
portainer 2693 root  rtd       DIR   0,64       14 9574451 /
portainer 2693 root  txt       REG   0,64 50266112 9574331 /portainer
portainer 2693 root  mem       REG   0,26          9574331 /portainer (stat: No such file or directory)
portainer 2693 root  mem-W     REG   0,26          9574497 /data/portainer.db (stat: No such file or directory)
portainer 2693 root    0u      CHR    1,3      0t0       5 /dev/null
portainer 2693 root    1w     FIFO   0,13      0t0   24230 pipe
portainer 2693 root    2w     FIFO   0,13      0t0   24231 pipe
portainer 2693 root    3u      REG   0,28   131072 9574497 /data/portainer.db
portainer 2693 root    4u  a_inode   0,14        0      54 [eventpoll:5,8,9,10]
portainer 2693 root    5r     FIFO   0,13      0t0   23545 pipe
portainer 2693 root    6w     FIFO   0,13      0t0   23545 pipe
portainer 2693 root    8u     sock    0,8      0t0   33024 protocol: TCPv6
portainer 2693 root    9u     sock    0,8      0t0   33887 protocol: TCPv6
portainer 2693 root   10u     sock    0,8      0t0   21337 protocol: TCPv6
=======
