===================================================
Monitoramento e Simulação de Processos - Início em 2024-08-26 17:32:41
===================================================
----------------------------------------------------
Ciclo de Monitoramento - 2024-08-26 17:32:45
----------------------------------------------------
PID: 1 - Processo: systemd - Camada Atual: Camada de Gerenciamento de Sistema
PID: 2 - Processo: kthreadd - Camada Atual: Camada de Aplicação Geral
PID: 3 - Processo: rcu_gp - Camada Atual: Camada de Kernel
PID: 4 - Processo: rcu_par_gp - Camada Atual: Camada de Kernel
PID: 5 - Processo: slub_flushwq - Camada Atual: Camada de Interface de Usuário (Shell)
PID: 6 - Processo: netns - Camada Atual: Camada de Aplicação Geral
PID: 8 - Processo: kworker/0:0H-events_highpri - Camada Atual: Camada de Kernel
PID: 10 - Processo: mm_percpu_wq - Camada Atual: Camada de Aplicação Geral
PID: 11 - Processo: rcu_tasks_kthread - Camada Atual: Camada de Kernel
PID: 12 - Processo: rcu_tasks_rude_kthread - Camada Atual: Camada de Kernel
PID: 13 - Processo: rcu_tasks_trace_kthread - Camada Atual: Camada de Kernel
PID: 14 - Processo: ksoftirqd/0 - Camada Atual: Camada de Kernel
PID: 15 - Processo: rcu_preempt - Camada Atual: Camada de Kernel
PID: 16 - Processo: migration/0 - Camada Atual: Camada de Aplicação Geral
PID: 17 - Processo: cpuhp/0 - Camada Atual: Camada de Aplicação Geral
PID: 18 - Processo: cpuhp/1 - Camada Atual: Camada de Aplicação Geral
PID: 19 - Processo: migration/1 - Camada Atual: Camada de Aplicação Geral
PID: 20 - Processo: ksoftirqd/1 - Camada Atual: Camada de Kernel
PID: 22 - Processo: kworker/1:0H-events_highpri - Camada Atual: Camada de Kernel
PID: 23 - Processo: cpuhp/2 - Camada Atual: Camada de Aplicação Geral
PID: 24 - Processo: migration/2 - Camada Atual: Camada de Aplicação Geral
PID: 25 - Processo: ksoftirqd/2 - Camada Atual: Camada de Kernel
PID: 27 - Processo: kworker/2:0H-events_highpri - Camada Atual: Camada de Kernel
PID: 28 - Processo: cpuhp/3 - Camada Atual: Camada de Aplicação Geral
PID: 29 - Processo: migration/3 - Camada Atual: Camada de Aplicação Geral
PID: 30 - Processo: ksoftirqd/3 - Camada Atual: Camada de Kernel
PID: 32 - Processo: kworker/3:0H-events_highpri - Camada Atual: Camada de Kernel
PID: 33 - Processo: cpuhp/4 - Camada Atual: Camada de Aplicação Geral
PID: 34 - Processo: migration/4 - Camada Atual: Camada de Aplicação Geral
PID: 35 - Processo: ksoftirqd/4 - Camada Atual: Camada de Kernel
PID: 37 - Processo: kworker/4:0H-events_highpri - Camada Atual: Camada de Kernel
PID: 38 - Processo: cpuhp/5 - Camada Atual: Camada de Aplicação Geral
PID: 39 - Processo: migration/5 - Camada Atual: Camada de Aplicação Geral
PID: 40 - Processo: ksoftirqd/5 - Camada Atual: Camada de Kernel
PID: 42 - Processo: kworker/5:0H-events_highpri - Camada Atual: Camada de Kernel
PID: 43 - Processo: cpuhp/6 - Camada Atual: Camada de Aplicação Geral
PID: 44 - Processo: migration/6 - Camada Atual: Camada de Aplicação Geral
PID: 45 - Processo: ksoftirqd/6 - Camada Atual: Camada de Kernel
PID: 47 - Processo: kworker/6:0H-events_highpri - Camada Atual: Camada de Kernel
PID: 48 - Processo: cpuhp/7 - Camada Atual: Camada de Aplicação Geral
PID: 49 - Processo: migration/7 - Camada Atual: Camada de Aplicação Geral
PID: 50 - Processo: ksoftirqd/7 - Camada Atual: Camada de Kernel
PID: 52 - Processo: kworker/7:0H-events_highpri - Camada Atual: Camada de Kernel
PID: 53 - Processo: cpuhp/8 - Camada Atual: Camada de Aplicação Geral
PID: 54 - Processo: migration/8 - Camada Atual: Camada de Aplicação Geral
PID: 55 - Processo: ksoftirqd/8 - Camada Atual: Camada de Kernel
PID: 57 - Processo: kworker/8:0H-events_highpri - Camada Atual: Camada de Kernel
PID: 58 - Processo: cpuhp/9 - Camada Atual: Camada de Aplicação Geral
PID: 59 - Processo: migration/9 - Camada Atual: Camada de Aplicação Geral
PID: 60 - Processo: ksoftirqd/9 - Camada Atual: Camada de Kernel
PID: 62 - Processo: kworker/9:0H-events_highpri - Camada Atual: Camada de Kernel
PID: 63 - Processo: cpuhp/10 - Camada Atual: Camada de Aplicação Geral
PID: 64 - Processo: migration/10 - Camada Atual: Camada de Aplicação Geral
PID: 65 - Processo: ksoftirqd/10 - Camada Atual: Camada de Kernel
PID: 66 - Processo: kworker/10:0-events - Camada Atual: Camada de Kernel
PID: 67 - Processo: kworker/10:0H-events_highpri - Camada Atual: Camada de Kernel
PID: 68 - Processo: cpuhp/11 - Camada Atual: Camada de Aplicação Geral
PID: 69 - Processo: migration/11 - Camada Atual: Camada de Aplicação Geral
PID: 70 - Processo: ksoftirqd/11 - Camada Atual: Camada de Kernel
PID: 72 - Processo: kworker/11:0H-events_highpri - Camada Atual: Camada de Kernel
PID: 85 - Processo: kdevtmpfs - Camada Atual: Camada de Aplicação Geral
PID: 86 - Processo: inet_frag_wq - Camada Atual: Camada de Aplicação Geral
PID: 87 - Processo: kauditd - Camada Atual: Camada de Aplicação Geral
PID: 90 - Processo: khungtaskd - Camada Atual: Camada de Aplicação Geral
PID: 91 - Processo: oom_reaper - Camada Atual: Camada de Aplicação Geral
PID: 92 - Processo: writeback - Camada Atual: Camada de Aplicação Geral
PID: 93 - Processo: kcompactd0 - Camada Atual: Camada de Aplicação Geral
PID: 94 - Processo: ksmd - Camada Atual: Camada de Aplicação Geral
PID: 95 - Processo: khugepaged - Camada Atual: Camada de Aplicação Geral
PID: 96 - Processo: kintegrityd - Camada Atual: Camada de Aplicação Geral
PID: 97 - Processo: kblockd - Camada Atual: Camada de Aplicação Geral
PID: 98 - Processo: blkcg_punt_bio - Camada Atual: Camada de Aplicação Geral
PID: 99 - Processo: tpm_dev_wq - Camada Atual: Camada de Aplicação Geral
PID: 100 - Processo: edac-poller - Camada Atual: Camada de Aplicação Geral
PID: 101 - Processo: devfreq_wq - Camada Atual: Camada de Aplicação Geral
PID: 103 - Processo: kworker/0:1H-events_highpri - Camada Atual: Camada de Kernel
PID: 104 - Processo: ksgxd - Camada Atual: Camada de Aplicação Geral
PID: 105 - Processo: kswapd0 - Camada Atual: Camada de Aplicação Geral
PID: 113 - Processo: kthrotld - Camada Atual: Camada de Aplicação Geral
PID: 123 - Processo: acpi_thermal_pm - Camada Atual: Camada de Aplicação Geral
PID: 124 - Processo: hwrng - Camada Atual: Camada de Aplicação Geral
PID: 125 - Processo: mld - Camada Atual: Camada de Aplicação Geral
PID: 126 - Processo: ipv6_addrconf - Camada Atual: Camada de Aplicação Geral
PID: 131 - Processo: kstrp - Camada Atual: Camada de Aplicação Geral
PID: 136 - Processo: zswap-shrink - Camada Atual: Camada de Interface de Usuário (Shell)
PID: 181 - Processo: kworker/5:1H-kblockd - Camada Atual: Camada de Kernel
PID: 197 - Processo: kworker/9:1H-kblockd - Camada Atual: Camada de Kernel
PID: 198 - Processo: kworker/8:1H-events_highpri - Camada Atual: Camada de Kernel
PID: 199 - Processo: kworker/7:1H-events_highpri - Camada Atual: Camada de Kernel
PID: 200 - Processo: kworker/1:1H-kblockd - Camada Atual: Camada de Kernel
PID: 201 - Processo: kworker/3:1H-kblockd - Camada Atual: Camada de Kernel
PID: 202 - Processo: kworker/4:1H-events_highpri - Camada Atual: Camada de Kernel
PID: 203 - Processo: kworker/11:1H-kblockd - Camada Atual: Camada de Kernel
PID: 204 - Processo: kworker/2:1H-events_highpri - Camada Atual: Camada de Kernel
PID: 205 - Processo: kworker/6:1H-kblockd - Camada Atual: Camada de Kernel
PID: 206 - Processo: kworker/10:1H-events_highpri - Camada Atual: Camada de Kernel
PID: 244 - Processo: nvme-wq - Camada Atual: Camada de Aplicação Geral
PID: 245 - Processo: nvme-reset-wq - Camada Atual: Camada de Aplicação Geral
PID: 246 - Processo: nvme-delete-wq - Camada Atual: Camada de Aplicação Geral
PID: 248 - Processo: irq/82-DELL0A64:00 - Camada Atual: Camada de Aplicação Geral
PID: 250 - Processo: card0-crtc0 - Camada Atual: Camada de Aplicação Geral
PID: 251 - Processo: card0-crtc1 - Camada Atual: Camada de Aplicação Geral
PID: 252 - Processo: card0-crtc2 - Camada Atual: Camada de Aplicação Geral
PID: 253 - Processo: kworker/0:3-events - Camada Atual: Camada de Kernel
PID: 304 - Processo: btrfs-worker - Camada Atual: Camada de Aplicação Geral
PID: 305 - Processo: btrfs-worker-hi - Camada Atual: Camada de Aplicação Geral
PID: 306 - Processo: btrfs-delalloc - Camada Atual: Camada de Aplicação Geral
PID: 307 - Processo: btrfs-flush_del - Camada Atual: Camada de Interface de Usuário (Shell)
PID: 308 - Processo: btrfs-cache - Camada Atual: Camada de Aplicação Geral
PID: 309 - Processo: btrfs-fixup - Camada Atual: Camada de Aplicação Geral
PID: 310 - Processo: btrfs-endio - Camada Atual: Camada de Aplicação Geral
PID: 311 - Processo: btrfs-endio-met - Camada Atual: Camada de Aplicação Geral
PID: 312 - Processo: btrfs-endio-rai - Camada Atual: Camada de Aplicação Geral
PID: 313 - Processo: btrfs-rmw - Camada Atual: Camada de Aplicação Geral
PID: 314 - Processo: btrfs-endio-wri - Camada Atual: Camada de Aplicação Geral
PID: 315 - Processo: btrfs-compresse - Camada Atual: Camada de Aplicação Geral
PID: 316 - Processo: btrfs-freespace - Camada Atual: Camada de Aplicação Geral
PID: 317 - Processo: btrfs-delayed-m - Camada Atual: Camada de Aplicação Geral
PID: 318 - Processo: btrfs-qgroup-re - Camada Atual: Camada de Aplicação Geral
PID: 319 - Processo: btrfs-cleaner - Camada Atual: Camada de Aplicação Geral
PID: 320 - Processo: btrfs-transaction - Camada Atual: Camada de Aplicação Geral
PID: 380 - Processo: systemd-journal - Camada Atual: Camada de Aplicação Geral
PID: 405 - Processo: systemd-udevd - Camada Atual: Camada de Aplicação Geral
PID: 482 - Processo: irq/151-mei_me - Camada Atual: Camada de Aplicação Geral
PID: 483 - Processo: watchdogd - Camada Atual: Camada de Aplicação Geral
PID: 538 - Processo: nv_queue - Camada Atual: Camada de Aplicação Geral
PID: 539 - Processo: nv_queue - Camada Atual: Camada de Aplicação Geral
PID: 542 - Processo: cfg80211 - Camada Atual: Camada de Aplicação Geral
PID: 577 - Processo: irq/152-iwlwifi:default_queue - Camada Atual: Camada de Aplicação Geral
PID: 579 - Processo: irq/153-iwlwifi:queue_1 - Camada Atual: Camada de Aplicação Geral
PID: 580 - Processo: irq/154-iwlwifi:queue_2 - Camada Atual: Camada de Aplicação Geral
PID: 581 - Processo: irq/155-iwlwifi:queue_3 - Camada Atual: Camada de Aplicação Geral
PID: 582 - Processo: irq/156-iwlwifi:queue_4 - Camada Atual: Camada de Aplicação Geral
PID: 583 - Processo: irq/157-iwlwifi:queue_5 - Camada Atual: Camada de Aplicação Geral
PID: 585 - Processo: irq/158-iwlwifi:queue_6 - Camada Atual: Camada de Aplicação Geral
PID: 591 - Processo: irq/159-iwlwifi:queue_7 - Camada Atual: Camada de Aplicação Geral
PID: 595 - Processo: irq/160-iwlwifi:queue_8 - Camada Atual: Camada de Aplicação Geral
PID: 597 - Processo: irq/161-iwlwifi:queue_9 - Camada Atual: Camada de Aplicação Geral
PID: 599 - Processo: irq/162-iwlwifi:queue_10 - Camada Atual: Camada de Aplicação Geral
PID: 601 - Processo: irq/163-iwlwifi:queue_11 - Camada Atual: Camada de Aplicação Geral
PID: 602 - Processo: cryptd - Camada Atual: Camada de Aplicação Geral
PID: 604 - Processo: irq/164-iwlwifi:queue_12 - Camada Atual: Camada de Aplicação Geral
PID: 605 - Processo: irq/165-iwlwifi:exception - Camada Atual: Camada de Aplicação Geral
PID: 765 - Processo: irq/166-AudioDSP - Camada Atual: Camada de Aplicação Geral
PID: 805 - Processo: nvidia-modeset/kthread_q - Camada Atual: Camada de Aplicação Geral
PID: 806 - Processo: nvidia-modeset/deferred_close_kthread_q - Camada Atual: Camada de Aplicação Geral
PID: 882 - Processo: accounts-daemon - Camada Atual: Camada de Aplicação Geral
PID: 896 - Processo: avahi-daemon - Camada Atual: Camada de Aplicação Geral
PID: 897 - Processo: bluetoothd - Camada Atual: Camada de Aplicação Geral
PID: 898 - Processo: cron - Camada Atual: Camada de Aplicação Geral
PID: 899 - Processo: dbus-daemon - Camada Atual: Camada de Aplicação Geral
PID: 901 - Processo: low-memory-moni - Camada Atual: Camada de Aplicação Geral
PID: 903 - Processo: polkitd - Camada Atual: Camada de Aplicação Geral
PID: 904 - Processo: avahi-daemon - Camada Atual: Camada de Aplicação Geral
PID: 905 - Processo: power-profiles- - Camada Atual: Camada de Aplicação Geral
PID: 906 - Processo: rsyslogd - Camada Atual: Camada de Aplicação Geral
PID: 907 - Processo: snapd - Camada Atual: Camada de Aplicação Geral
PID: 908 - Processo: switcheroo-cont - Camada Atual: Camada de Aplicação Geral
PID: 909 - Processo: systemd-logind - Camada Atual: Camada de Aplicação Geral
PID: 911 - Processo: udisksd - Camada Atual: Camada de Aplicação Geral
PID: 914 - Processo: nvidia-persiste - Camada Atual: Camada de Aplicação Geral
PID: 936 - Processo: psimon - Camada Atual: Camada de Aplicação Geral
PID: 945 - Processo: irq/167-nvidia - Camada Atual: Camada de Aplicação Geral
PID: 946 - Processo: nvidia - Camada Atual: Camada de Aplicação Geral
PID: 947 - Processo: nv_queue - Camada Atual: Camada de Aplicação Geral
PID: 948 - Processo: wpa_supplicant - Camada Atual: Camada de Aplicação Geral
PID: 958 - Processo: NetworkManager - Camada Atual: Camada de Aplicação Geral
PID: 969 - Processo: vmware-usbarbit - Camada Atual: Camada de Aplicação Geral
PID: 984 - Processo: ModemManager - Camada Atual: Camada de Aplicação Geral
PID: 1124 - Processo: cupsd - Camada Atual: Camada de Aplicação Geral
PID: 1151 - Processo: containerd - Camada Atual: Camada de Aplicação Geral
PID: 1155 - Processo: anydesk - Camada Atual: Camada de Aplicação Geral
PID: 1181 - Processo: sshd - Camada Atual: Camada de Interface de Usuário (Shell)
PID: 1199 - Processo: gdm3 - Camada Atual: Camada de Aplicação Geral
PID: 1228 - Processo: postgres - Camada Atual: Camada de Aplicação Geral
PID: 1256 - Processo: postgres - Camada Atual: Camada de Aplicação Geral
PID: 1257 - Processo: postgres - Camada Atual: Camada de Aplicação Geral
PID: 1265 - Processo: postgres - Camada Atual: Camada de Aplicação Geral
PID: 1266 - Processo: postgres - Camada Atual: Camada de Aplicação Geral
PID: 1267 - Processo: postgres - Camada Atual: Camada de Aplicação Geral
PID: 1273 - Processo: rtkit-daemon - Camada Atual: Camada de Aplicação Geral
PID: 1349 - Processo: apache2 - Camada Atual: Camada de Aplicação Geral
PID: 1383 - Processo: apache2 - Camada Atual: Camada de Aplicação Geral
PID: 1384 - Processo: apache2 - Camada Atual: Camada de Aplicação Geral
PID: 1385 - Processo: apache2 - Camada Atual: Camada de Aplicação Geral
PID: 1386 - Processo: apache2 - Camada Atual: Camada de Aplicação Geral
PID: 1387 - Processo: apache2 - Camada Atual: Camada de Aplicação Geral
PID: 1468 - Processo: upowerd - Camada Atual: Camada de Aplicação Geral
PID: 1477 - Processo: krfcommd - Camada Atual: Camada de Aplicação Geral
PID: 1637 - Processo: geoclue - Camada Atual: Camada de Aplicação Geral
PID: 1669 - Processo: colord - Camada Atual: Camada de Aplicação Geral
PID: 2028 - Processo: cups-browsed - Camada Atual: Camada de Aplicação Geral
PID: 2044 - Processo: dockerd - Camada Atual: Camada de Aplicação Geral
PID: 2090 - Processo: tor - Camada Atual: Camada de Aplicação Geral
PID: 2162 - Processo: vmnet-bridge - Camada Atual: Camada de Aplicação Geral
PID: 2332 - Processo: gdm-session-wor - Camada Atual: Camada de Aplicação Geral
PID: 2490 - Processo: docker-proxy - Camada Atual: Camada de Aplicação Geral
PID: 2496 - Processo: docker-proxy - Camada Atual: Camada de Aplicação Geral
PID: 2504 - Processo: docker-proxy - Camada Atual: Camada de Aplicação Geral
PID: 2512 - Processo: docker-proxy - Camada Atual: Camada de Aplicação Geral
PID: 2541 - Processo: containerd-shim - Camada Atual: Camada de Interface de Usuário (Shell)
PID: 2560 - Processo: portainer - Camada Atual: Camada de Aplicação Geral
PID: 2580 - Processo: vmnet-netifup - Camada Atual: Camada de Aplicação Geral
PID: 2598 - Processo: vmnet-dhcpd - Camada Atual: Camada de Aplicação Geral
PID: 2601 - Processo: vmnet-natd - Camada Atual: Camada de Aplicação Geral
PID: 2603 - Processo: vmnet-netifup - Camada Atual: Camada de Aplicação Geral
PID: 2615 - Processo: vmnet-dhcpd - Camada Atual: Camada de Aplicação Geral
PID: 2684 - Processo: vmware-authdlau - Camada Atual: Camada de Aplicação Geral
PID: 2754 - Processo: systemd - Camada Atual: Camada de Gerenciamento de Sistema
PID: 2755 - Processo: (sd-pam) - Camada Atual: Camada de Aplicação Geral
PID: 2791 - Processo: pipewire - Camada Atual: Camada de Aplicação Geral
PID: 2793 - Processo: wireplumber - Camada Atual: Camada de Aplicação Geral
PID: 2794 - Processo: pipewire-pulse - Camada Atual: Camada de Aplicação Geral
PID: 2798 - Processo: gnome-keyring-d - Camada Atual: Camada de Aplicação Geral
PID: 2800 - Processo: dbus-daemon - Camada Atual: Camada de Aplicação Geral
PID: 2806 - Processo: gvfsd - Camada Atual: Camada de Aplicação Geral
PID: 2811 - Processo: gvfsd-fuse - Camada Atual: Camada de Aplicação Geral
PID: 2861 - Processo: tracker-miner-f - Camada Atual: Camada de Aplicação Geral
PID: 2866 - Processo: gvfs-udisks2-vo - Camada Atual: Camada de Aplicação Geral
PID: 2868 - Processo: gdm-x-session - Camada Atual: Camada de Aplicação Geral
PID: 2870 - Processo: Xorg - Camada Atual: Camada de Interface Gráfica (GUI)
PID: 2875 - Processo: gvfs-mtp-volume - Camada Atual: Camada de Aplicação Geral
PID: 2879 - Processo: gvfs-gphoto2-vo - Camada Atual: Camada de Aplicação Geral
PID: 2883 - Processo: gvfs-goa-volume - Camada Atual: Camada de Aplicação Geral
PID: 2887 - Processo: goa-daemon - Camada Atual: Camada de Aplicação Geral
PID: 2894 - Processo: goa-identity-se - Camada Atual: Camada de Aplicação Geral
PID: 2900 - Processo: gvfs-afc-volume - Camada Atual: Camada de Aplicação Geral
PID: 2917 - Processo: xdg-permission- - Camada Atual: Camada de Aplicação Geral
PID: 2938 - Processo: gnome-session-b - Camada Atual: Camada de Aplicação Geral
PID: 2990 - Processo: ssh-agent - Camada Atual: Camada de Interface de Usuário (Shell)
PID: 3020 - Processo: at-spi-bus-laun - Camada Atual: Camada de Aplicação Geral
PID: 3026 - Processo: dbus-daemon - Camada Atual: Camada de Aplicação Geral
PID: 3042 - Processo: gcr-ssh-agent - Camada Atual: Camada de Interface de Usuário (Shell)
PID: 3043 - Processo: gnome-session-c - Camada Atual: Camada de Aplicação Geral
PID: 3051 - Processo: gnome-session-b - Camada Atual: Camada de Aplicação Geral
PID: 3068 - Processo: gnome-shell - Camada Atual: Camada de Interface de Usuário (Shell)
PID: 3125 - Processo: gnome-shell-cal - Camada Atual: Camada de Interface de Usuário (Shell)
PID: 3131 - Processo: evolution-sourc - Camada Atual: Camada de Aplicação Geral
PID: 3186 - Processo: gvfsd-metadata - Camada Atual: Camada de Aplicação Geral
PID: 3188 - Processo: gjs - Camada Atual: Camada de Aplicação Geral
PID: 3190 - Processo: at-spi2-registr - Camada Atual: Camada de Aplicação Geral
PID: 3215 - Processo: evolution-calen - Camada Atual: Camada de Aplicação Geral
PID: 3223 - Processo: sh - Camada Atual: Camada de Interface de Usuário (Shell)
PID: 3224 - Processo: gsd-a11y-settin - Camada Atual: Camada de Aplicação Geral
PID: 3226 - Processo: ibus-daemon - Camada Atual: Camada de Aplicação Geral
PID: 3227 - Processo: gsd-color - Camada Atual: Camada de Aplicação Geral
PID: 3228 - Processo: gsd-datetime - Camada Atual: Camada de Aplicação Geral
PID: 3232 - Processo: gsd-housekeepin - Camada Atual: Camada de Aplicação Geral
PID: 3235 - Processo: gsd-keyboard - Camada Atual: Camada de Aplicação Geral
PID: 3236 - Processo: gsd-media-keys - Camada Atual: Camada de Aplicação Geral
PID: 3239 - Processo: gsd-power - Camada Atual: Camada de Aplicação Geral
PID: 3241 - Processo: gsd-print-notif - Camada Atual: Camada de Aplicação Geral
PID: 3245 - Processo: gsd-rfkill - Camada Atual: Camada de Aplicação Geral
PID: 3248 - Processo: gsd-screensaver - Camada Atual: Camada de Aplicação Geral
PID: 3249 - Processo: gsd-sharing - Camada Atual: Camada de Interface de Usuário (Shell)
PID: 3250 - Processo: gsd-smartcard - Camada Atual: Camada de Aplicação Geral
PID: 3251 - Processo: gnome-software - Camada Atual: Camada de Aplicação Geral
PID: 3254 - Processo: gsd-sound - Camada Atual: Camada de Aplicação Geral
PID: 3256 - Processo: gsd-usb-protect - Camada Atual: Camada de Aplicação Geral
PID: 3259 - Processo: gsd-wacom - Camada Atual: Camada de Aplicação Geral
PID: 3261 - Processo: anydesk - Camada Atual: Camada de Aplicação Geral
PID: 3263 - Processo: gsd-xsettings - Camada Atual: Camada de Aplicação Geral
PID: 3267 - Processo: evolution-alarm - Camada Atual: Camada de Aplicação Geral
PID: 3290 - Processo: gsd-disk-utilit - Camada Atual: Camada de Aplicação Geral
PID: 3333 - Processo: ibus-dconf - Camada Atual: Camada de Aplicação Geral
PID: 3335 - Processo: ibus-extension- - Camada Atual: Camada de Aplicação Geral
PID: 3340 - Processo: ibus-x11 - Camada Atual: Camada de Aplicação Geral
PID: 3345 - Processo: ibus-portal - Camada Atual: Camada de Aplicação Geral
PID: 3354 - Processo: gjs - Camada Atual: Camada de Aplicação Geral
PID: 3409 - Processo: evolution-addre - Camada Atual: Camada de Aplicação Geral
PID: 3551 - Processo: xdg-desktop-por - Camada Atual: Camada de Aplicação Geral
PID: 3562 - Processo: xdg-document-po - Camada Atual: Camada de Aplicação Geral
PID: 3571 - Processo: fusermount3 - Camada Atual: Camada de Aplicação Geral
PID: 3578 - Processo: xdg-desktop-por - Camada Atual: Camada de Aplicação Geral
PID: 3582 - Processo: gsd-printer - Camada Atual: Camada de Aplicação Geral
PID: 3636 - Processo: dconf-service - Camada Atual: Camada de Aplicação Geral
PID: 3694 - Processo: ibus-engine-sim - Camada Atual: Camada de Aplicação Geral
PID: 3724 - Processo: xdg-desktop-por - Camada Atual: Camada de Aplicação Geral
PID: 3951 - Processo: code - Camada Atual: Camada de Aplicação Geral
PID: 3956 - Processo: code - Camada Atual: Camada de Aplicação Geral
PID: 3957 - Processo: code - Camada Atual: Camada de Aplicação Geral
PID: 3959 - Processo: code - Camada Atual: Camada de Aplicação Geral
PID: 3987 - Processo: chrome_crashpad - Camada Atual: Camada de Interface de Usuário (Shell)
PID: 4004 - Processo: code - Camada Atual: Camada de Aplicação Geral
PID: 4008 - Processo: code - Camada Atual: Camada de Aplicação Geral
PID: 4059 - Processo: code - Camada Atual: Camada de Aplicação Geral
PID: 4120 - Processo: code - Camada Atual: Camada de Aplicação Geral
PID: 4131 - Processo: code - Camada Atual: Camada de Aplicação Geral
PID: 4132 - Processo: code - Camada Atual: Camada de Aplicação Geral
PID: 4172 - Processo: code - Camada Atual: Camada de Aplicação Geral
PID: 4423 - Processo: code - Camada Atual: Camada de Aplicação Geral
PID: 4431 - Processo: code - Camada Atual: Camada de Aplicação Geral
PID: 4683 - Processo: chrome - Camada Atual: Camada de Aplicação Geral
PID: 4688 - Processo: cat - Camada Atual: Camada de Aplicação Geral
PID: 4689 - Processo: cat - Camada Atual: Camada de Aplicação Geral
PID: 4702 - Processo: chrome_crashpad - Camada Atual: Camada de Interface de Usuário (Shell)
PID: 4704 - Processo: chrome_crashpad - Camada Atual: Camada de Interface de Usuário (Shell)
PID: 4710 - Processo: chrome - Camada Atual: Camada de Aplicação Geral
PID: 4711 - Processo: chrome - Camada Atual: Camada de Aplicação Geral
PID: 4713 - Processo: chrome - Camada Atual: Camada de Aplicação Geral
PID: 4739 - Processo: chrome - Camada Atual: Camada de Aplicação Geral
PID: 4741 - Processo: chrome - Camada Atual: Camada de Aplicação Geral
PID: 4752 - Processo: chrome - Camada Atual: Camada de Aplicação Geral
PID: 4781 - Processo: chrome - Camada Atual: Camada de Aplicação Geral
PID: 4833 - Processo: chrome - Camada Atual: Camada de Aplicação Geral
PID: 5024 - Processo: chrome - Camada Atual: Camada de Aplicação Geral
PID: 6687 - Processo: nautilus - Camada Atual: Camada de Aplicação Geral
PID: 6690 - Processo: gvfsd-trash - Camada Atual: Camada de Interface de Usuário (Shell)
PID: 6745 - Processo: gvfsd-recent - Camada Atual: Camada de Aplicação Geral
PID: 12470 - Processo: gvfsd-network - Camada Atual: Camada de Aplicação Geral
PID: 12482 - Processo: gvfsd-dnssd - Camada Atual: Camada de Aplicação Geral
PID: 12571 - Processo: chrome - Camada Atual: Camada de Aplicação Geral
PID: 17839 - Processo: kworker/9:2-mm_percpu_wq - Camada Atual: Camada de Kernel
PID: 18931 - Processo: kworker/1:1-events - Camada Atual: Camada de Kernel
PID: 22411 - Processo: chrome - Camada Atual: Camada de Aplicação Geral
PID: 49080 - Processo: kworker/u24:12-btrfs-endio-write - Camada Atual: Camada de Kernel
PID: 67214 - Processo: kworker/6:1-events - Camada Atual: Camada de Kernel
PID: 70629 - Processo: chrome - Camada Atual: Camada de Aplicação Geral
PID: 71945 - Processo: deepin-terminal - Camada Atual: Camada de Aplicação Geral
PID: 71956 - Processo: bash - Camada Atual: Camada de Interface de Usuário (Shell)
PID: 71999 - Processo: su - Camada Atual: Camada de Aplicação Geral
PID: 72011 - Processo: bash - Camada Atual: Camada de Interface de Usuário (Shell)
PID: 72642 - Processo: kworker/u24:6-flush-btrfs-1 - Camada Atual: Camada de Interface de Usuário (Shell)
PID: 75536 - Processo: kworker/8:0-events - Camada Atual: Camada de Kernel
PID: 75801 - Processo: kworker/2:0-events - Camada Atual: Camada de Kernel
PID: 82034 - Processo: kworker/u24:0-btrfs-endio-write - Camada Atual: Camada de Kernel
PID: 102436 - Processo: kworker/u24:2-flush-btrfs-1 - Camada Atual: Camada de Interface de Usuário (Shell)
PID: 104132 - Processo: top - Camada Atual: Camada de Aplicação Geral
PID: 105912 - Processo: kworker/4:2-events - Camada Atual: Camada de Kernel
PID: 113346 - Processo: kworker/u24:9-btrfs-endio-write - Camada Atual: Camada de Kernel
PID: 119555 - Processo: kworker/u24:11-blkcg_punt_bio - Camada Atual: Camada de Kernel
PID: 120543 - Processo: chrome - Camada Atual: Camada de Aplicação Geral
PID: 120875 - Processo: chrome - Camada Atual: Camada de Aplicação Geral
PID: 121176 - Processo: chrome - Camada Atual: Camada de Aplicação Geral
PID: 121207 - Processo: chrome - Camada Atual: Camada de Aplicação Geral
PID: 127646 - Processo: kworker/u25:2-rb_allocator - Camada Atual: Camada de Kernel
PID: 127876 - Processo: kworker/u24:1-btrfs-endio-write - Camada Atual: Camada de Kernel
PID: 128868 - Processo: kworker/5:2-events - Camada Atual: Camada de Kernel
PID: 132521 - Processo: kworker/3:0-events - Camada Atual: Camada de Kernel
PID: 132598 - Processo: kworker/7:0-events - Camada Atual: Camada de Kernel
PID: 132990 - Processo: kworker/u24:4-btrfs-endio-write - Camada Atual: Camada de Kernel
PID: 136434 - Processo: kworker/11:2-events - Camada Atual: Camada de Kernel
PID: 137480 - Processo: kworker/7:1-events - Camada Atual: Camada de Kernel
PID: 137548 - Processo: kworker/5:1-events - Camada Atual: Camada de Kernel
PID: 137852 - Processo: bash - Camada Atual: Camada de Interface de Usuário (Shell)
PID: 137886 - Processo: su - Camada Atual: Camada de Aplicação Geral
PID: 137888 - Processo: bash - Camada Atual: Camada de Interface de Usuário (Shell)
PID: 138163 - Processo: code - Camada Atual: Camada de Aplicação Geral
PID: 138968 - Processo: gedit - Camada Atual: Camada de Aplicação Geral
PID: 139076 - Processo: kworker/6:0-events - Camada Atual: Camada de Kernel
PID: 139207 - Processo: kworker/u25:1-i915_flip - Camada Atual: Camada de Kernel
PID: 139498 - Processo: kworker/3:2-events - Camada Atual: Camada de Kernel
PID: 140150 - Processo: bash - Camada Atual: Camada de Interface de Usuário (Shell)
PID: 140186 - Processo: su - Camada Atual: Camada de Aplicação Geral
PID: 140205 - Processo: bash - Camada Atual: Camada de Interface de Usuário (Shell)
PID: 140855 - Processo: kworker/8:1-events - Camada Atual: Camada de Kernel
PID: 140947 - Processo: kworker/u24:5-btrfs-endio-write - Camada Atual: Camada de Kernel
PID: 140949 - Processo: kworker/u24:10-events_unbound - Camada Atual: Camada de Kernel
PID: 141355 - Processo: kworker/11:1 - Camada Atual: Camada de Kernel
PID: 141551 - Processo: kworker/u25:0-btrfs-worker-high - Camada Atual: Camada de Kernel
PID: 143490 - Processo: kworker/7:2-events - Camada Atual: Camada de Kernel
PID: 143638 - Processo: kworker/2:2 - Camada Atual: Camada de Kernel
PID: 143639 - Processo: kworker/1:0-events - Camada Atual: Camada de Kernel
PID: 143694 - Processo: kworker/0:1-events - Camada Atual: Camada de Kernel
PID: 143766 - Processo: kworker/9:1-events - Camada Atual: Camada de Kernel
PID: 144081 - Processo: kworker/10:2-mm_percpu_wq - Camada Atual: Camada de Kernel
PID: 146673 - Processo: kworker/4:1 - Camada Atual: Camada de Kernel
PID: 146769 - Processo: chrome - Camada Atual: Camada de Aplicação Geral
PID: 148526 - Processo: kworker/7:3-events - Camada Atual: Camada de Kernel
PID: 150173 - Processo: kworker/11:0-events - Camada Atual: Camada de Kernel
PID: 151429 - Processo: kworker/3:1 - Camada Atual: Camada de Kernel
PID: 151522 - Processo: kworker/5:0-events - Camada Atual: Camada de Kernel
PID: 151652 - Processo: kworker/6:2 - Camada Atual: Camada de Kernel
PID: 151759 - Processo: chrome - Camada Atual: Camada de Aplicação Geral
PID: 151991 - Processo: kworker/10:1 - Camada Atual: Camada de Kernel
PID: 151992 - Processo: kworker/u24:3-i915 - Camada Atual: Camada de Kernel
PID: 152381 - Processo: sleep - Camada Atual: Camada de Aplicação Geral
PID: 152849 - Processo: processos_camad - Camada Atual: Camada de Aplicação Geral
PID: 152911 - Processo: sh - Camada Atual: Camada de Interface de Usuário (Shell)
PID: 152912 - Processo: cpuUsage.sh - Camada Atual: Camada de Interface de Usuário (Shell)
PID: 152918 - Processo: sleep - Camada Atual: Camada de Aplicação Geral
PID: 152933 - Processo: ps - Camada Atual: Camada de Aplicação Geral
PID: 152934 - Processo: processos_camad - Camada Atual: Camada de Aplicação Geral
===================================================
----------------------------------------------------
Ciclo de Monitoramento - 2024-08-26 17:32:50
----------------------------------------------------
PID: 1 - Processo: systemd - Camada Atual: Camada de Gerenciamento de Sistema
PID: 2 - Processo: kthreadd - Camada Atual: Camada de Aplicação Geral
PID: 3 - Processo: rcu_gp - Camada Atual: Camada de Kernel
PID: 4 - Processo: rcu_par_gp - Camada Atual: Camada de Kernel
PID: 5 - Processo: slub_flushwq - Camada Atual: Camada de Interface de Usuário (Shell)
PID: 6 - Processo: netns - Camada Atual: Camada de Aplicação Geral
PID: 8 - Processo: kworker/0:0H-events_highpri - Camada Atual: Camada de Kernel
PID: 10 - Processo: mm_percpu_wq - Camada Atual: Camada de Aplicação Geral
PID: 11 - Processo: rcu_tasks_kthread - Camada Atual: Camada de Kernel
PID: 12 - Processo: rcu_tasks_rude_kthread - Camada Atual: Camada de Kernel
PID: 13 - Processo: rcu_tasks_trace_kthread - Camada Atual: Camada de Kernel
PID: 14 - Processo: ksoftirqd/0 - Camada Atual: Camada de Kernel
PID: 15 - Processo: rcu_preempt - Camada Atual: Camada de Kernel
PID: 16 - Processo: migration/0 - Camada Atual: Camada de Aplicação Geral
PID: 17 - Processo: cpuhp/0 - Camada Atual: Camada de Aplicação Geral
PID: 18 - Processo: cpuhp/1 - Camada Atual: Camada de Aplicação Geral
PID: 19 - Processo: migration/1 - Camada Atual: Camada de Aplicação Geral
PID: 20 - Processo: ksoftirqd/1 - Camada Atual: Camada de Kernel
PID: 22 - Processo: kworker/1:0H-events_highpri - Camada Atual: Camada de Kernel
PID: 23 - Processo: cpuhp/2 - Camada Atual: Camada de Aplicação Geral
PID: 24 - Processo: migration/2 - Camada Atual: Camada de Aplicação Geral
PID: 25 - Processo: ksoftirqd/2 - Camada Atual: Camada de Kernel
PID: 27 - Processo: kworker/2:0H-events_highpri - Camada Atual: Camada de Kernel
PID: 28 - Processo: cpuhp/3 - Camada Atual: Camada de Aplicação Geral
PID: 29 - Processo: migration/3 - Camada Atual: Camada de Aplicação Geral
PID: 30 - Processo: ksoftirqd/3 - Camada Atual: Camada de Kernel
PID: 32 - Processo: kworker/3:0H-events_highpri - Camada Atual: Camada de Kernel
PID: 33 - Processo: cpuhp/4 - Camada Atual: Camada de Aplicação Geral
PID: 34 - Processo: migration/4 - Camada Atual: Camada de Aplicação Geral
PID: 35 - Processo: ksoftirqd/4 - Camada Atual: Camada de Kernel
PID: 37 - Processo: kworker/4:0H-events_highpri - Camada Atual: Camada de Kernel
PID: 38 - Processo: cpuhp/5 - Camada Atual: Camada de Aplicação Geral
PID: 39 - Processo: migration/5 - Camada Atual: Camada de Aplicação Geral
PID: 40 - Processo: ksoftirqd/5 - Camada Atual: Camada de Kernel
PID: 42 - Processo: kworker/5:0H-events_highpri - Camada Atual: Camada de Kernel
PID: 43 - Processo: cpuhp/6 - Camada Atual: Camada de Aplicação Geral
PID: 44 - Processo: migration/6 - Camada Atual: Camada de Aplicação Geral
PID: 45 - Processo: ksoftirqd/6 - Camada Atual: Camada de Kernel
PID: 47 - Processo: kworker/6:0H-events_highpri - Camada Atual: Camada de Kernel
PID: 48 - Processo: cpuhp/7 - Camada Atual: Camada de Aplicação Geral
PID: 49 - Processo: migration/7 - Camada Atual: Camada de Aplicação Geral
PID: 50 - Processo: ksoftirqd/7 - Camada Atual: Camada de Kernel
PID: 52 - Processo: kworker/7:0H-events_highpri - Camada Atual: Camada de Kernel
PID: 53 - Processo: cpuhp/8 - Camada Atual: Camada de Aplicação Geral
PID: 54 - Processo: migration/8 - Camada Atual: Camada de Aplicação Geral
PID: 55 - Processo: ksoftirqd/8 - Camada Atual: Camada de Kernel
PID: 57 - Processo: kworker/8:0H-events_highpri - Camada Atual: Camada de Kernel
PID: 58 - Processo: cpuhp/9 - Camada Atual: Camada de Aplicação Geral
PID: 59 - Processo: migration/9 - Camada Atual: Camada de Aplicação Geral
PID: 60 - Processo: ksoftirqd/9 - Camada Atual: Camada de Kernel
PID: 62 - Processo: kworker/9:0H-events_highpri - Camada Atual: Camada de Kernel
PID: 63 - Processo: cpuhp/10 - Camada Atual: Camada de Aplicação Geral
PID: 64 - Processo: migration/10 - Camada Atual: Camada de Aplicação Geral
PID: 65 - Processo: ksoftirqd/10 - Camada Atual: Camada de Kernel
PID: 66 - Processo: kworker/10:0-events - Camada Atual: Camada de Kernel
PID: 67 - Processo: kworker/10:0H-events_highpri - Camada Atual: Camada de Kernel
PID: 68 - Processo: cpuhp/11 - Camada Atual: Camada de Aplicação Geral
PID: 69 - Processo: migration/11 - Camada Atual: Camada de Aplicação Geral
PID: 70 - Processo: ksoftirqd/11 - Camada Atual: Camada de Kernel
PID: 72 - Processo: kworker/11:0H-events_highpri - Camada Atual: Camada de Kernel
PID: 85 - Processo: kdevtmpfs - Camada Atual: Camada de Aplicação Geral
PID: 86 - Processo: inet_frag_wq - Camada Atual: Camada de Aplicação Geral
PID: 87 - Processo: kauditd - Camada Atual: Camada de Aplicação Geral
PID: 90 - Processo: khungtaskd - Camada Atual: Camada de Aplicação Geral
PID: 91 - Processo: oom_reaper - Camada Atual: Camada de Aplicação Geral
PID: 92 - Processo: writeback - Camada Atual: Camada de Aplicação Geral
PID: 93 - Processo: kcompactd0 - Camada Atual: Camada de Aplicação Geral
PID: 94 - Processo: ksmd - Camada Atual: Camada de Aplicação Geral
PID: 95 - Processo: khugepaged - Camada Atual: Camada de Aplicação Geral
PID: 96 - Processo: kintegrityd - Camada Atual: Camada de Aplicação Geral
PID: 97 - Processo: kblockd - Camada Atual: Camada de Aplicação Geral
PID: 98 - Processo: blkcg_punt_bio - Camada Atual: Camada de Aplicação Geral
PID: 99 - Processo: tpm_dev_wq - Camada Atual: Camada de Aplicação Geral
PID: 100 - Processo: edac-poller - Camada Atual: Camada de Aplicação Geral
PID: 101 - Processo: devfreq_wq - Camada Atual: Camada de Aplicação Geral
PID: 103 - Processo: kworker/0:1H-events_highpri - Camada Atual: Camada de Kernel
PID: 104 - Processo: ksgxd - Camada Atual: Camada de Aplicação Geral
PID: 105 - Processo: kswapd0 - Camada Atual: Camada de Aplicação Geral
PID: 113 - Processo: kthrotld - Camada Atual: Camada de Aplicação Geral
PID: 123 - Processo: acpi_thermal_pm - Camada Atual: Camada de Aplicação Geral
PID: 124 - Processo: hwrng - Camada Atual: Camada de Aplicação Geral
PID: 125 - Processo: mld - Camada Atual: Camada de Aplicação Geral
PID: 126 - Processo: ipv6_addrconf - Camada Atual: Camada de Aplicação Geral
PID: 131 - Processo: kstrp - Camada Atual: Camada de Aplicação Geral
PID: 136 - Processo: zswap-shrink - Camada Atual: Camada de Interface de Usuário (Shell)
PID: 181 - Processo: kworker/5:1H-events_highpri - Camada Atual: Camada de Kernel
PID: 197 - Processo: kworker/9:1H-kblockd - Camada Atual: Camada de Kernel
PID: 198 - Processo: kworker/8:1H-events_highpri - Camada Atual: Camada de Kernel
PID: 199 - Processo: kworker/7:1H-events_highpri - Camada Atual: Camada de Kernel
PID: 200 - Processo: kworker/1:1H-kblockd - Camada Atual: Camada de Kernel
PID: 201 - Processo: kworker/3:1H-kblockd - Camada Atual: Camada de Kernel
PID: 202 - Processo: kworker/4:1H-events_highpri - Camada Atual: Camada de Kernel
PID: 203 - Processo: kworker/11:1H-events_highpri - Camada Atual: Camada de Kernel
PID: 204 - Processo: kworker/2:1H-kblockd - Camada Atual: Camada de Kernel
PID: 205 - Processo: kworker/6:1H-events_highpri - Camada Atual: Camada de Kernel
PID: 206 - Processo: kworker/10:1H-events_highpri - Camada Atual: Camada de Kernel
PID: 244 - Processo: nvme-wq - Camada Atual: Camada de Aplicação Geral
PID: 245 - Processo: nvme-reset-wq - Camada Atual: Camada de Aplicação Geral
PID: 246 - Processo: nvme-delete-wq - Camada Atual: Camada de Aplicação Geral
PID: 248 - Processo: irq/82-DELL0A64:00 - Camada Atual: Camada de Aplicação Geral
PID: 250 - Processo: card0-crtc0 - Camada Atual: Camada de Aplicação Geral
PID: 251 - Processo: card0-crtc1 - Camada Atual: Camada de Aplicação Geral
PID: 252 - Processo: card0-crtc2 - Camada Atual: Camada de Aplicação Geral
PID: 253 - Processo: kworker/0:3-events - Camada Atual: Camada de Kernel
PID: 304 - Processo: btrfs-worker - Camada Atual: Camada de Aplicação Geral
PID: 305 - Processo: btrfs-worker-hi - Camada Atual: Camada de Aplicação Geral
PID: 306 - Processo: btrfs-delalloc - Camada Atual: Camada de Aplicação Geral
PID: 307 - Processo: btrfs-flush_del - Camada Atual: Camada de Interface de Usuário (Shell)
PID: 308 - Processo: btrfs-cache - Camada Atual: Camada de Aplicação Geral
PID: 309 - Processo: btrfs-fixup - Camada Atual: Camada de Aplicação Geral
PID: 310 - Processo: btrfs-endio - Camada Atual: Camada de Aplicação Geral
PID: 311 - Processo: btrfs-endio-met - Camada Atual: Camada de Aplicação Geral
PID: 312 - Processo: btrfs-endio-rai - Camada Atual: Camada de Aplicação Geral
PID: 313 - Processo: btrfs-rmw - Camada Atual: Camada de Aplicação Geral
PID: 314 - Processo: btrfs-endio-wri - Camada Atual: Camada de Aplicação Geral
PID: 315 - Processo: btrfs-compresse - Camada Atual: Camada de Aplicação Geral
PID: 316 - Processo: btrfs-freespace - Camada Atual: Camada de Aplicação Geral
PID: 317 - Processo: btrfs-delayed-m - Camada Atual: Camada de Aplicação Geral
PID: 318 - Processo: btrfs-qgroup-re - Camada Atual: Camada de Aplicação Geral
PID: 319 - Processo: btrfs-cleaner - Camada Atual: Camada de Aplicação Geral
PID: 320 - Processo: btrfs-transaction - Camada Atual: Camada de Aplicação Geral
PID: 380 - Processo: systemd-journal - Camada Atual: Camada de Aplicação Geral
PID: 405 - Processo: systemd-udevd - Camada Atual: Camada de Aplicação Geral
PID: 482 - Processo: irq/151-mei_me - Camada Atual: Camada de Aplicação Geral
PID: 483 - Processo: watchdogd - Camada Atual: Camada de Aplicação Geral
PID: 538 - Processo: nv_queue - Camada Atual: Camada de Aplicação Geral
PID: 539 - Processo: nv_queue - Camada Atual: Camada de Aplicação Geral
PID: 542 - Processo: cfg80211 - Camada Atual: Camada de Aplicação Geral
PID: 577 - Processo: irq/152-iwlwifi:default_queue - Camada Atual: Camada de Aplicação Geral
PID: 579 - Processo: irq/153-iwlwifi:queue_1 - Camada Atual: Camada de Aplicação Geral
PID: 580 - Processo: irq/154-iwlwifi:queue_2 - Camada Atual: Camada de Aplicação Geral
PID: 581 - Processo: irq/155-iwlwifi:queue_3 - Camada Atual: Camada de Aplicação Geral
PID: 582 - Processo: irq/156-iwlwifi:queue_4 - Camada Atual: Camada de Aplicação Geral
PID: 583 - Processo: irq/157-iwlwifi:queue_5 - Camada Atual: Camada de Aplicação Geral
PID: 585 - Processo: irq/158-iwlwifi:queue_6 - Camada Atual: Camada de Aplicação Geral
PID: 591 - Processo: irq/159-iwlwifi:queue_7 - Camada Atual: Camada de Aplicação Geral
PID: 595 - Processo: irq/160-iwlwifi:queue_8 - Camada Atual: Camada de Aplicação Geral
PID: 597 - Processo: irq/161-iwlwifi:queue_9 - Camada Atual: Camada de Aplicação Geral
PID: 599 - Processo: irq/162-iwlwifi:queue_10 - Camada Atual: Camada de Aplicação Geral
PID: 601 - Processo: irq/163-iwlwifi:queue_11 - Camada Atual: Camada de Aplicação Geral
PID: 602 - Processo: cryptd - Camada Atual: Camada de Aplicação Geral
PID: 604 - Processo: irq/164-iwlwifi:queue_12 - Camada Atual: Camada de Aplicação Geral
PID: 605 - Processo: irq/165-iwlwifi:exception - Camada Atual: Camada de Aplicação Geral
PID: 765 - Processo: irq/166-AudioDSP - Camada Atual: Camada de Aplicação Geral
PID: 805 - Processo: nvidia-modeset/kthread_q - Camada Atual: Camada de Aplicação Geral
PID: 806 - Processo: nvidia-modeset/deferred_close_kthread_q - Camada Atual: Camada de Aplicação Geral
PID: 882 - Processo: accounts-daemon - Camada Atual: Camada de Aplicação Geral
PID: 896 - Processo: avahi-daemon - Camada Atual: Camada de Aplicação Geral
PID: 897 - Processo: bluetoothd - Camada Atual: Camada de Aplicação Geral
PID: 898 - Processo: cron - Camada Atual: Camada de Aplicação Geral
PID: 899 - Processo: dbus-daemon - Camada Atual: Camada de Aplicação Geral
PID: 901 - Processo: low-memory-moni - Camada Atual: Camada de Aplicação Geral
PID: 903 - Processo: polkitd - Camada Atual: Camada de Aplicação Geral
PID: 904 - Processo: avahi-daemon - Camada Atual: Camada de Aplicação Geral
PID: 905 - Processo: power-profiles- - Camada Atual: Camada de Aplicação Geral
PID: 906 - Processo: rsyslogd - Camada Atual: Camada de Aplicação Geral
PID: 907 - Processo: snapd - Camada Atual: Camada de Aplicação Geral
PID: 908 - Processo: switcheroo-cont - Camada Atual: Camada de Aplicação Geral
PID: 909 - Processo: systemd-logind - Camada Atual: Camada de Aplicação Geral
PID: 911 - Processo: udisksd - Camada Atual: Camada de Aplicação Geral
PID: 914 - Processo: nvidia-persiste - Camada Atual: Camada de Aplicação Geral
PID: 936 - Processo: psimon - Camada Atual: Camada de Aplicação Geral
PID: 945 - Processo: irq/167-nvidia - Camada Atual: Camada de Aplicação Geral
PID: 946 - Processo: nvidia - Camada Atual: Camada de Aplicação Geral
PID: 947 - Processo: nv_queue - Camada Atual: Camada de Aplicação Geral
PID: 948 - Processo: wpa_supplicant - Camada Atual: Camada de Aplicação Geral
PID: 958 - Processo: NetworkManager - Camada Atual: Camada de Aplicação Geral
PID: 969 - Processo: vmware-usbarbit - Camada Atual: Camada de Aplicação Geral
PID: 984 - Processo: ModemManager - Camada Atual: Camada de Aplicação Geral
PID: 1124 - Processo: cupsd - Camada Atual: Camada de Aplicação Geral
PID: 1151 - Processo: containerd - Camada Atual: Camada de Aplicação Geral
PID: 1155 - Processo: anydesk - Camada Atual: Camada de Aplicação Geral
PID: 1181 - Processo: sshd - Camada Atual: Camada de Interface de Usuário (Shell)
PID: 1199 - Processo: gdm3 - Camada Atual: Camada de Aplicação Geral
PID: 1228 - Processo: postgres - Camada Atual: Camada de Aplicação Geral
PID: 1256 - Processo: postgres - Camada Atual: Camada de Aplicação Geral
PID: 1257 - Processo: postgres - Camada Atual: Camada de Aplicação Geral
PID: 1265 - Processo: postgres - Camada Atual: Camada de Aplicação Geral
PID: 1266 - Processo: postgres - Camada Atual: Camada de Aplicação Geral
PID: 1267 - Processo: postgres - Camada Atual: Camada de Aplicação Geral
PID: 1273 - Processo: rtkit-daemon - Camada Atual: Camada de Aplicação Geral
PID: 1349 - Processo: apache2 - Camada Atual: Camada de Aplicação Geral
PID: 1383 - Processo: apache2 - Camada Atual: Camada de Aplicação Geral
PID: 1384 - Processo: apache2 - Camada Atual: Camada de Aplicação Geral
PID: 1385 - Processo: apache2 - Camada Atual: Camada de Aplicação Geral
PID: 1386 - Processo: apache2 - Camada Atual: Camada de Aplicação Geral
PID: 1387 - Processo: apache2 - Camada Atual: Camada de Aplicação Geral
PID: 1468 - Processo: upowerd - Camada Atual: Camada de Aplicação Geral
PID: 1477 - Processo: krfcommd - Camada Atual: Camada de Aplicação Geral
PID: 1637 - Processo: geoclue - Camada Atual: Camada de Aplicação Geral
PID: 1669 - Processo: colord - Camada Atual: Camada de Aplicação Geral
PID: 2028 - Processo: cups-browsed - Camada Atual: Camada de Aplicação Geral
PID: 2044 - Processo: dockerd - Camada Atual: Camada de Aplicação Geral
PID: 2090 - Processo: tor - Camada Atual: Camada de Aplicação Geral
PID: 2162 - Processo: vmnet-bridge - Camada Atual: Camada de Aplicação Geral
PID: 2332 - Processo: gdm-session-wor - Camada Atual: Camada de Aplicação Geral
PID: 2490 - Processo: docker-proxy - Camada Atual: Camada de Aplicação Geral
PID: 2496 - Processo: docker-proxy - Camada Atual: Camada de Aplicação Geral
PID: 2504 - Processo: docker-proxy - Camada Atual: Camada de Aplicação Geral
PID: 2512 - Processo: docker-proxy - Camada Atual: Camada de Aplicação Geral
PID: 2541 - Processo: containerd-shim - Camada Atual: Camada de Interface de Usuário (Shell)
PID: 2560 - Processo: portainer - Camada Atual: Camada de Aplicação Geral
PID: 2580 - Processo: vmnet-netifup - Camada Atual: Camada de Aplicação Geral
PID: 2598 - Processo: vmnet-dhcpd - Camada Atual: Camada de Aplicação Geral
PID: 2601 - Processo: vmnet-natd - Camada Atual: Camada de Aplicação Geral
PID: 2603 - Processo: vmnet-netifup - Camada Atual: Camada de Aplicação Geral
PID: 2615 - Processo: vmnet-dhcpd - Camada Atual: Camada de Aplicação Geral
PID: 2684 - Processo: vmware-authdlau - Camada Atual: Camada de Aplicação Geral
PID: 2754 - Processo: systemd - Camada Atual: Camada de Gerenciamento de Sistema
PID: 2755 - Processo: (sd-pam) - Camada Atual: Camada de Aplicação Geral
PID: 2791 - Processo: pipewire - Camada Atual: Camada de Aplicação Geral
PID: 2793 - Processo: wireplumber - Camada Atual: Camada de Aplicação Geral
PID: 2794 - Processo: pipewire-pulse - Camada Atual: Camada de Aplicação Geral
PID: 2798 - Processo: gnome-keyring-d - Camada Atual: Camada de Aplicação Geral
PID: 2800 - Processo: dbus-daemon - Camada Atual: Camada de Aplicação Geral
PID: 2806 - Processo: gvfsd - Camada Atual: Camada de Aplicação Geral
PID: 2811 - Processo: gvfsd-fuse - Camada Atual: Camada de Aplicação Geral
PID: 2861 - Processo: tracker-miner-f - Camada Atual: Camada de Aplicação Geral
PID: 2866 - Processo: gvfs-udisks2-vo - Camada Atual: Camada de Aplicação Geral
PID: 2868 - Processo: gdm-x-session - Camada Atual: Camada de Aplicação Geral
PID: 2870 - Processo: Xorg - Camada Atual: Camada de Interface Gráfica (GUI)
PID: 2875 - Processo: gvfs-mtp-volume - Camada Atual: Camada de Aplicação Geral
PID: 2879 - Processo: gvfs-gphoto2-vo - Camada Atual: Camada de Aplicação Geral
PID: 2883 - Processo: gvfs-goa-volume - Camada Atual: Camada de Aplicação Geral
PID: 2887 - Processo: goa-daemon - Camada Atual: Camada de Aplicação Geral
PID: 2894 - Processo: goa-identity-se - Camada Atual: Camada de Aplicação Geral
PID: 2900 - Processo: gvfs-afc-volume - Camada Atual: Camada de Aplicação Geral
PID: 2917 - Processo: xdg-permission- - Camada Atual: Camada de Aplicação Geral
PID: 2938 - Processo: gnome-session-b - Camada Atual: Camada de Aplicação Geral
PID: 2990 - Processo: ssh-agent - Camada Atual: Camada de Interface de Usuário (Shell)
PID: 3020 - Processo: at-spi-bus-laun - Camada Atual: Camada de Aplicação Geral
PID: 3026 - Processo: dbus-daemon - Camada Atual: Camada de Aplicação Geral
PID: 3042 - Processo: gcr-ssh-agent - Camada Atual: Camada de Interface de Usuário (Shell)
PID: 3043 - Processo: gnome-session-c - Camada Atual: Camada de Aplicação Geral
PID: 3051 - Processo: gnome-session-b - Camada Atual: Camada de Aplicação Geral
PID: 3068 - Processo: gnome-shell - Camada Atual: Camada de Interface de Usuário (Shell)
PID: 3125 - Processo: gnome-shell-cal - Camada Atual: Camada de Interface de Usuário (Shell)
PID: 3131 - Processo: evolution-sourc - Camada Atual: Camada de Aplicação Geral
PID: 3186 - Processo: gvfsd-metadata - Camada Atual: Camada de Aplicação Geral
PID: 3188 - Processo: gjs - Camada Atual: Camada de Aplicação Geral
PID: 3190 - Processo: at-spi2-registr - Camada Atual: Camada de Aplicação Geral
PID: 3215 - Processo: evolution-calen - Camada Atual: Camada de Aplicação Geral
PID: 3223 - Processo: sh - Camada Atual: Camada de Interface de Usuário (Shell)
PID: 3224 - Processo: gsd-a11y-settin - Camada Atual: Camada de Aplicação Geral
PID: 3226 - Processo: ibus-daemon - Camada Atual: Camada de Aplicação Geral
PID: 3227 - Processo: gsd-color - Camada Atual: Camada de Aplicação Geral
PID: 3228 - Processo: gsd-datetime - Camada Atual: Camada de Aplicação Geral
PID: 3232 - Processo: gsd-housekeepin - Camada Atual: Camada de Aplicação Geral
PID: 3235 - Processo: gsd-keyboard - Camada Atual: Camada de Aplicação Geral
PID: 3236 - Processo: gsd-media-keys - Camada Atual: Camada de Aplicação Geral
PID: 3239 - Processo: gsd-power - Camada Atual: Camada de Aplicação Geral
PID: 3241 - Processo: gsd-print-notif - Camada Atual: Camada de Aplicação Geral
PID: 3245 - Processo: gsd-rfkill - Camada Atual: Camada de Aplicação Geral
PID: 3248 - Processo: gsd-screensaver - Camada Atual: Camada de Aplicação Geral
PID: 3249 - Processo: gsd-sharing - Camada Atual: Camada de Interface de Usuário (Shell)
PID: 3250 - Processo: gsd-smartcard - Camada Atual: Camada de Aplicação Geral
PID: 3251 - Processo: gnome-software - Camada Atual: Camada de Aplicação Geral
PID: 3254 - Processo: gsd-sound - Camada Atual: Camada de Aplicação Geral
PID: 3256 - Processo: gsd-usb-protect - Camada Atual: Camada de Aplicação Geral
PID: 3259 - Processo: gsd-wacom - Camada Atual: Camada de Aplicação Geral
PID: 3261 - Processo: anydesk - Camada Atual: Camada de Aplicação Geral
PID: 3263 - Processo: gsd-xsettings - Camada Atual: Camada de Aplicação Geral
PID: 3267 - Processo: evolution-alarm - Camada Atual: Camada de Aplicação Geral
PID: 3290 - Processo: gsd-disk-utilit - Camada Atual: Camada de Aplicação Geral
PID: 3333 - Processo: ibus-dconf - Camada Atual: Camada de Aplicação Geral
PID: 3335 - Processo: ibus-extension- - Camada Atual: Camada de Aplicação Geral
PID: 3340 - Processo: ibus-x11 - Camada Atual: Camada de Aplicação Geral
PID: 3345 - Processo: ibus-portal - Camada Atual: Camada de Aplicação Geral
PID: 3354 - Processo: gjs - Camada Atual: Camada de Aplicação Geral
PID: 3409 - Processo: evolution-addre - Camada Atual: Camada de Aplicação Geral
PID: 3551 - Processo: xdg-desktop-por - Camada Atual: Camada de Aplicação Geral
PID: 3562 - Processo: xdg-document-po - Camada Atual: Camada de Aplicação Geral
PID: 3571 - Processo: fusermount3 - Camada Atual: Camada de Aplicação Geral
PID: 3578 - Processo: xdg-desktop-por - Camada Atual: Camada de Aplicação Geral
PID: 3582 - Processo: gsd-printer - Camada Atual: Camada de Aplicação Geral
PID: 3636 - Processo: dconf-service - Camada Atual: Camada de Aplicação Geral
PID: 3694 - Processo: ibus-engine-sim - Camada Atual: Camada de Aplicação Geral
PID: 3724 - Processo: xdg-desktop-por - Camada Atual: Camada de Aplicação Geral
PID: 3951 - Processo: code - Camada Atual: Camada de Aplicação Geral
PID: 3956 - Processo: code - Camada Atual: Camada de Aplicação Geral
PID: 3957 - Processo: code - Camada Atual: Camada de Aplicação Geral
PID: 3959 - Processo: code - Camada Atual: Camada de Aplicação Geral
PID: 3987 - Processo: chrome_crashpad - Camada Atual: Camada de Interface de Usuário (Shell)
PID: 4004 - Processo: code - Camada Atual: Camada de Aplicação Geral
PID: 4008 - Processo: code - Camada Atual: Camada de Aplicação Geral
PID: 4059 - Processo: code - Camada Atual: Camada de Aplicação Geral
PID: 4120 - Processo: code - Camada Atual: Camada de Aplicação Geral
PID: 4131 - Processo: code - Camada Atual: Camada de Aplicação Geral
PID: 4132 - Processo: code - Camada Atual: Camada de Aplicação Geral
PID: 4172 - Processo: code - Camada Atual: Camada de Aplicação Geral
PID: 4423 - Processo: code - Camada Atual: Camada de Aplicação Geral
PID: 4431 - Processo: code - Camada Atual: Camada de Aplicação Geral
PID: 4683 - Processo: chrome - Camada Atual: Camada de Aplicação Geral
PID: 4688 - Processo: cat - Camada Atual: Camada de Aplicação Geral
PID: 4689 - Processo: cat - Camada Atual: Camada de Aplicação Geral
PID: 4702 - Processo: chrome_crashpad - Camada Atual: Camada de Interface de Usuário (Shell)
PID: 4704 - Processo: chrome_crashpad - Camada Atual: Camada de Interface de Usuário (Shell)
PID: 4710 - Processo: chrome - Camada Atual: Camada de Aplicação Geral
PID: 4711 - Processo: chrome - Camada Atual: Camada de Aplicação Geral
PID: 4713 - Processo: chrome - Camada Atual: Camada de Aplicação Geral
PID: 4739 - Processo: chrome - Camada Atual: Camada de Aplicação Geral
PID: 4741 - Processo: chrome - Camada Atual: Camada de Aplicação Geral
PID: 4752 - Processo: chrome - Camada Atual: Camada de Aplicação Geral
PID: 4781 - Processo: chrome - Camada Atual: Camada de Aplicação Geral
PID: 4833 - Processo: chrome - Camada Atual: Camada de Aplicação Geral
PID: 5024 - Processo: chrome - Camada Atual: Camada de Aplicação Geral
PID: 6687 - Processo: nautilus - Camada Atual: Camada de Aplicação Geral
PID: 6690 - Processo: gvfsd-trash - Camada Atual: Camada de Interface de Usuário (Shell)
PID: 6745 - Processo: gvfsd-recent - Camada Atual: Camada de Aplicação Geral
PID: 12470 - Processo: gvfsd-network - Camada Atual: Camada de Aplicação Geral
PID: 12482 - Processo: gvfsd-dnssd - Camada Atual: Camada de Aplicação Geral
PID: 12571 - Processo: chrome - Camada Atual: Camada de Aplicação Geral
PID: 17839 - Processo: kworker/9:2-mm_percpu_wq - Camada Atual: Camada de Kernel
PID: 18931 - Processo: kworker/1:1-events - Camada Atual: Camada de Kernel
PID: 22411 - Processo: chrome - Camada Atual: Camada de Aplicação Geral
PID: 49080 - Processo: kworker/u24:12-btrfs-endio-write - Camada Atual: Camada de Kernel
PID: 67214 - Processo: kworker/6:1-mm_percpu_wq - Camada Atual: Camada de Kernel
PID: 70629 - Processo: chrome - Camada Atual: Camada de Aplicação Geral
PID: 71945 - Processo: deepin-terminal - Camada Atual: Camada de Aplicação Geral
PID: 71956 - Processo: bash - Camada Atual: Camada de Interface de Usuário (Shell)
PID: 71999 - Processo: su - Camada Atual: Camada de Aplicação Geral
PID: 72011 - Processo: bash - Camada Atual: Camada de Interface de Usuário (Shell)
PID: 72642 - Processo: kworker/u24:6-flush-btrfs-1 - Camada Atual: Camada de Interface de Usuário (Shell)
PID: 75536 - Processo: kworker/8:0-mm_percpu_wq - Camada Atual: Camada de Kernel
PID: 75801 - Processo: kworker/2:0-events - Camada Atual: Camada de Kernel
PID: 82034 - Processo: kworker/u24:0-btrfs-endio-write - Camada Atual: Camada de Kernel
PID: 102436 - Processo: kworker/u24:2-btrfs-endio-write - Camada Atual: Camada de Kernel
PID: 104132 - Processo: top - Camada Atual: Camada de Aplicação Geral
PID: 105912 - Processo: kworker/4:2-mm_percpu_wq - Camada Atual: Camada de Kernel
PID: 113346 - Processo: kworker/u24:9-btrfs-endio-write - Camada Atual: Camada de Kernel
PID: 119555 - Processo: kworker/u24:11-blkcg_punt_bio - Camada Atual: Camada de Kernel
PID: 120543 - Processo: chrome - Camada Atual: Camada de Aplicação Geral
PID: 120875 - Processo: chrome - Camada Atual: Camada de Aplicação Geral
PID: 121176 - Processo: chrome - Camada Atual: Camada de Aplicação Geral
PID: 121207 - Processo: chrome - Camada Atual: Camada de Aplicação Geral
PID: 127646 - Processo: kworker/u25:2-rb_allocator - Camada Atual: Camada de Kernel
PID: 127876 - Processo: kworker/u24:1-events_unbound - Camada Atual: Camada de Kernel
PID: 128868 - Processo: kworker/5:2-events - Camada Atual: Camada de Kernel
PID: 132521 - Processo: kworker/3:0-events - Camada Atual: Camada de Kernel
PID: 132598 - Processo: kworker/7:0-mm_percpu_wq - Camada Atual: Camada de Kernel
PID: 132990 - Processo: kworker/u24:4-btrfs-endio-write - Camada Atual: Camada de Kernel
PID: 136434 - Processo: kworker/11:2-events - Camada Atual: Camada de Kernel
PID: 137480 - Processo: kworker/7:1-events - Camada Atual: Camada de Kernel
PID: 137548 - Processo: kworker/5:1-events - Camada Atual: Camada de Kernel
PID: 137852 - Processo: bash - Camada Atual: Camada de Interface de Usuário (Shell)
PID: 137886 - Processo: su - Camada Atual: Camada de Aplicação Geral
PID: 137888 - Processo: bash - Camada Atual: Camada de Interface de Usuário (Shell)
PID: 138163 - Processo: code - Camada Atual: Camada de Aplicação Geral
PID: 138968 - Processo: gedit - Camada Atual: Camada de Aplicação Geral
PID: 139076 - Processo: kworker/6:0-events - Camada Atual: Camada de Kernel
PID: 139207 - Processo: kworker/u25:1-i915_flip - Camada Atual: Camada de Kernel
PID: 139498 - Processo: kworker/3:2-events - Camada Atual: Camada de Kernel
PID: 140150 - Processo: bash - Camada Atual: Camada de Interface de Usuário (Shell)
PID: 140186 - Processo: su - Camada Atual: Camada de Aplicação Geral
PID: 140205 - Processo: bash - Camada Atual: Camada de Interface de Usuário (Shell)
PID: 140855 - Processo: kworker/8:1-events - Camada Atual: Camada de Kernel
PID: 140947 - Processo: kworker/u24:5-btrfs-endio-write - Camada Atual: Camada de Kernel
PID: 140949 - Processo: kworker/u24:10-i915 - Camada Atual: Camada de Kernel
PID: 141355 - Processo: kworker/11:1 - Camada Atual: Camada de Kernel
PID: 141551 - Processo: kworker/u25:0-btrfs-worker-high - Camada Atual: Camada de Kernel
PID: 143490 - Processo: kworker/7:2-events - Camada Atual: Camada de Kernel
PID: 143638 - Processo: kworker/2:2 - Camada Atual: Camada de Kernel
PID: 143639 - Processo: kworker/1:0-events - Camada Atual: Camada de Kernel
PID: 143694 - Processo: kworker/0:1-events - Camada Atual: Camada de Kernel
PID: 143766 - Processo: kworker/9:1-events - Camada Atual: Camada de Kernel
PID: 144081 - Processo: kworker/10:2-mm_percpu_wq - Camada Atual: Camada de Kernel
PID: 146673 - Processo: kworker/4:1 - Camada Atual: Camada de Kernel
PID: 146769 - Processo: chrome - Camada Atual: Camada de Aplicação Geral
PID: 148526 - Processo: kworker/7:3-events - Camada Atual: Camada de Kernel
PID: 150173 - Processo: kworker/11:0-events - Camada Atual: Camada de Kernel
PID: 151429 - Processo: kworker/3:1 - Camada Atual: Camada de Kernel
PID: 151522 - Processo: kworker/5:0-events - Camada Atual: Camada de Kernel
PID: 151652 - Processo: kworker/6:2 - Camada Atual: Camada de Kernel
PID: 151759 - Processo: chrome - Camada Atual: Camada de Aplicação Geral
PID: 151991 - Processo: kworker/10:1 - Camada Atual: Camada de Kernel
PID: 151992 - Processo: kworker/u24:3-flush-btrfs-1 - Camada Atual: Camada de Interface de Usuário (Shell)
PID: 152381 - Processo: sleep - Camada Atual: Camada de Aplicação Geral
PID: 152849 - Processo: processos_camad - Camada Atual: Camada de Aplicação Geral
PID: 153375 - Processo: sh - Camada Atual: Camada de Interface de Usuário (Shell)
PID: 153376 - Processo: cpuUsage.sh - Camada Atual: Camada de Interface de Usuário (Shell)
PID: 153383 - Processo: sleep - Camada Atual: Camada de Aplicação Geral
PID: 153386 - Processo: ps - Camada Atual: Camada de Aplicação Geral
PID: 153387 - Processo: processos_camad - Camada Atual: Camada de Aplicação Geral
===================================================
