Iniciando monitoramento detalhado do processo com PID 37281...
Monitoramento será feito por 50 segundos.
----------------------------------------------------
Momento: 2024-09-02 21:02:50
Estado atual do processo: Inativo (Idle kernel thread) (Código: I)
Espaço de memória ocupado (PCB): 0K
Utilização de CPU:  0.0%
----------------------------------------------------
Momento: 2024-09-02 21:02:51
Estado atual do processo: Inativo (Idle kernel thread) (Código: I)
Espaço de memória ocupado (PCB): 0K
Utilização de CPU:  0.0%
----------------------------------------------------
Momento: 2024-09-02 21:02:52
Estado atual do processo: Inativo (Idle kernel thread) (Código: I)
Espaço de memória ocupado (PCB): 0K
Utilização de CPU:  0.0%
----------------------------------------------------
Momento: 2024-09-02 21:02:53
Estado atual do processo: Inativo (Idle kernel thread) (Código: I)
Espaço de memória ocupado (PCB): 0K
Utilização de CPU:  0.0%
----------------------------------------------------
Momento: 2024-09-02 21:02:54
Estado atual do processo: Inativo (Idle kernel thread) (Código: I)
Espaço de memória ocupado (PCB): 0K
Utilização de CPU:  0.0%
----------------------------------------------------
Momento: 2024-09-02 21:02:55
Estado atual do processo: Inativo (Idle kernel thread) (Código: I)
Espaço de memória ocupado (PCB): 0K
Utilização de CPU:  0.0%
----------------------------------------------------
Momento: 2024-09-02 21:02:56
Estado atual do processo: Inativo (Idle kernel thread) (Código: I)
Espaço de memória ocupado (PCB): 0K
Utilização de CPU:  0.0%
----------------------------------------------------
Momento: 2024-09-02 21:02:57
Estado atual do processo: Inativo (Idle kernel thread) (Código: I)
Espaço de memória ocupado (PCB): 0K
Utilização de CPU:  0.0%
----------------------------------------------------
Momento: 2024-09-02 21:02:58
Estado atual do processo: Inativo (Idle kernel thread) (Código: I)
Espaço de memória ocupado (PCB): 0K
Utilização de CPU:  0.0%
----------------------------------------------------
Momento: 2024-09-02 21:02:59
Estado atual do processo: Inativo (Idle kernel thread) (Código: I)
Espaço de memória ocupado (PCB): 0K
Utilização de CPU:  0.0%
----------------------------------------------------
Momento: 2024-09-02 21:03:00
Estado atual do processo: Inativo (Idle kernel thread) (Código: I)
Espaço de memória ocupado (PCB): 0K
Utilização de CPU:  0.0%
----------------------------------------------------
Momento: 2024-09-02 21:03:02
Estado atual do processo: Inativo (Idle kernel thread) (Código: I)
Espaço de memória ocupado (PCB): 0K
Utilização de CPU:  0.0%
----------------------------------------------------
Momento: 2024-09-02 21:03:03
Estado atual do processo: Inativo (Idle kernel thread) (Código: I)
Espaço de memória ocupado (PCB): 0K
Utilização de CPU:  0.0%
----------------------------------------------------
Momento: 2024-09-02 21:03:04
Estado atual do processo: Inativo (Idle kernel thread) (Código: I)
Espaço de memória ocupado (PCB): 0K
Utilização de CPU:  0.0%
----------------------------------------------------
Momento: 2024-09-02 21:03:05
Estado atual do processo: Inativo (Idle kernel thread) (Código: I)
Espaço de memória ocupado (PCB): 0K
Utilização de CPU:  0.0%
----------------------------------------------------
Momento: 2024-09-02 21:03:06
Estado atual do processo: Inativo (Idle kernel thread) (Código: I)
Espaço de memória ocupado (PCB): 0K
Utilização de CPU:  0.0%
----------------------------------------------------
Momento: 2024-09-02 21:03:07
Estado atual do processo: Inativo (Idle kernel thread) (Código: I)
Espaço de memória ocupado (PCB): 0K
Utilização de CPU:  0.0%
----------------------------------------------------
Momento: 2024-09-02 21:03:08
Estado atual do processo: Inativo (Idle kernel thread) (Código: I)
Espaço de memória ocupado (PCB): 0K
Utilização de CPU:  0.0%
----------------------------------------------------
Momento: 2024-09-02 21:03:09
Estado atual do processo: Inativo (Idle kernel thread) (Código: I)
Espaço de memória ocupado (PCB): 0K
Utilização de CPU:  0.0%
----------------------------------------------------
Momento: 2024-09-02 21:03:10
Estado atual do processo: Inativo (Idle kernel thread) (Código: I)
Espaço de memória ocupado (PCB): 0K
Utilização de CPU:  0.0%
----------------------------------------------------
Momento: 2024-09-02 21:03:11
Estado atual do processo: Inativo (Idle kernel thread) (Código: I)
Espaço de memória ocupado (PCB): 0K
Utilização de CPU:  0.0%
----------------------------------------------------
Momento: 2024-09-02 21:03:12
Estado atual do processo: Inativo (Idle kernel thread) (Código: I)
Espaço de memória ocupado (PCB): 0K
Utilização de CPU:  0.0%
----------------------------------------------------
Momento: 2024-09-02 21:03:13
Estado atual do processo: Inativo (Idle kernel thread) (Código: I)
Espaço de memória ocupado (PCB): 0K
Utilização de CPU:  0.0%
----------------------------------------------------
Momento: 2024-09-02 21:03:14
Estado atual do processo: Inativo (Idle kernel thread) (Código: I)
Espaço de memória ocupado (PCB): 0K
Utilização de CPU:  0.0%
----------------------------------------------------
Momento: 2024-09-02 21:03:15
Estado atual do processo: Inativo (Idle kernel thread) (Código: I)
Espaço de memória ocupado (PCB): 0K
Utilização de CPU:  0.0%
----------------------------------------------------
Momento: 2024-09-02 21:03:16
Estado atual do processo: Inativo (Idle kernel thread) (Código: I)
Espaço de memória ocupado (PCB): 0K
Utilização de CPU:  0.0%
----------------------------------------------------
Momento: 2024-09-02 21:03:17
Estado atual do processo: Inativo (Idle kernel thread) (Código: I)
Espaço de memória ocupado (PCB): 0K
Utilização de CPU:  0.0%
----------------------------------------------------
Momento: 2024-09-02 21:03:18
Estado atual do processo: Inativo (Idle kernel thread) (Código: I)
Espaço de memória ocupado (PCB): 0K
Utilização de CPU:  0.0%
----------------------------------------------------
Momento: 2024-09-02 21:03:19
Estado atual do processo: Inativo (Idle kernel thread) (Código: I)
Espaço de memória ocupado (PCB): 0K
Utilização de CPU:  0.0%
----------------------------------------------------
Momento: 2024-09-02 21:03:20
Estado atual do processo: Inativo (Idle kernel thread) (Código: I)
Espaço de memória ocupado (PCB): 0K
Utilização de CPU:  0.0%
----------------------------------------------------
Momento: 2024-09-02 21:03:21
Estado atual do processo: Inativo (Idle kernel thread) (Código: I)
Espaço de memória ocupado (PCB): 0K
Utilização de CPU:  0.0%
----------------------------------------------------
Momento: 2024-09-02 21:03:22
Estado atual do processo: Inativo (Idle kernel thread) (Código: I)
Espaço de memória ocupado (PCB): 0K
Utilização de CPU:  0.0%
----------------------------------------------------
Momento: 2024-09-02 21:03:23
Estado atual do processo: Inativo (Idle kernel thread) (Código: I)
Espaço de memória ocupado (PCB): 0K
Utilização de CPU:  0.0%
----------------------------------------------------
Momento: 2024-09-02 21:03:25
Estado atual do processo: Inativo (Idle kernel thread) (Código: I)
Espaço de memória ocupado (PCB): 0K
Utilização de CPU:  0.0%
----------------------------------------------------
Momento: 2024-09-02 21:03:26
Estado atual do processo: Inativo (Idle kernel thread) (Código: I)
Espaço de memória ocupado (PCB): 0K
Utilização de CPU:  0.0%
----------------------------------------------------
Momento: 2024-09-02 21:03:27
Estado atual do processo: Inativo (Idle kernel thread) (Código: I)
Espaço de memória ocupado (PCB): 0K
Utilização de CPU:  0.0%
----------------------------------------------------
Momento: 2024-09-02 21:03:28
Estado atual do processo: Inativo (Idle kernel thread) (Código: I)
Espaço de memória ocupado (PCB): 0K
Utilização de CPU:  0.0%
----------------------------------------------------
Momento: 2024-09-02 21:03:29
Estado atual do processo: Inativo (Idle kernel thread) (Código: I)
Espaço de memória ocupado (PCB): 0K
Utilização de CPU:  0.0%
----------------------------------------------------
Momento: 2024-09-02 21:03:30
Estado atual do processo: Inativo (Idle kernel thread) (Código: I)
Espaço de memória ocupado (PCB): 0K
Utilização de CPU:  0.0%
Iniciando monitoramento detalhado do processo com PID 2452...
Monitoramento será feito por 50 segundos.
----------------------------------------------------
Momento: 2024-09-02 21:03:35
Estado atual do processo: Dormindo (sono interruptível) (Código: Ssl)
Espaço de memória ocupado (PCB): 6009544K
Utilização de CPU:  1.1%
----------------------------------------------------
Momento: 2024-09-02 21:03:36
Estado atual do processo: Dormindo (sono interruptível) (Código: Ssl)
Espaço de memória ocupado (PCB): 6009608K
Utilização de CPU:  1.1%
----------------------------------------------------
Momento: 2024-09-02 21:03:37
Estado atual do processo: Dormindo (sono interruptível) (Código: Ssl)
Espaço de memória ocupado (PCB): 6009608K
Utilização de CPU:  1.1%
----------------------------------------------------
Momento: 2024-09-02 21:03:38
Estado atual do processo: Dormindo (sono interruptível) (Código: Ssl)
Espaço de memória ocupado (PCB): 6009544K
Utilização de CPU:  1.1%
----------------------------------------------------
Momento: 2024-09-02 21:03:39
Estado atual do processo: Dormindo (sono interruptível) (Código: Ssl)
Espaço de memória ocupado (PCB): 6009544K
Utilização de CPU:  1.1%
----------------------------------------------------
Momento: 2024-09-02 21:03:40
Estado atual do processo: Dormindo (sono interruptível) (Código: Ssl)
Espaço de memória ocupado (PCB): 6009544K
Utilização de CPU:  1.1%
----------------------------------------------------
Momento: 2024-09-02 21:03:41
Estado atual do processo: Dormindo (sono interruptível) (Código: Ssl)
Espaço de memória ocupado (PCB): 6009544K
Utilização de CPU:  1.1%
----------------------------------------------------
Momento: 2024-09-02 21:03:42
Estado atual do processo: Dormindo (sono interruptível) (Código: Ssl)
Espaço de memória ocupado (PCB): 6009544K
Utilização de CPU:  1.1%
----------------------------------------------------
Momento: 2024-09-02 21:03:43
Estado atual do processo: Dormindo (sono interruptível) (Código: Ssl)
Espaço de memória ocupado (PCB): 6009544K
Utilização de CPU:  1.1%
----------------------------------------------------
Momento: 2024-09-02 21:03:44
Estado atual do processo: Dormindo (sono interruptível) (Código: Ssl)
Espaço de memória ocupado (PCB): 6009544K
Utilização de CPU:  1.1%
----------------------------------------------------
Momento: 2024-09-02 21:03:45
Estado atual do processo: Dormindo (sono interruptível) (Código: Ssl)
Espaço de memória ocupado (PCB): 6009544K
Utilização de CPU:  1.1%
----------------------------------------------------
Momento: 2024-09-02 21:03:46
Estado atual do processo: Dormindo (sono interruptível) (Código: Ssl)
Espaço de memória ocupado (PCB): 6009544K
Utilização de CPU:  1.1%
----------------------------------------------------
Momento: 2024-09-02 21:03:47
Estado atual do processo: Dormindo (sono interruptível) (Código: Ssl)
Espaço de memória ocupado (PCB): 6009544K
Utilização de CPU:  1.1%
----------------------------------------------------
Momento: 2024-09-02 21:03:48
Estado atual do processo: Dormindo (sono interruptível) (Código: Ssl)
Espaço de memória ocupado (PCB): 6009544K
Utilização de CPU:  1.1%
----------------------------------------------------
Momento: 2024-09-02 21:03:49
Estado atual do processo: Dormindo (sono interruptível) (Código: Ssl)
Espaço de memória ocupado (PCB): 6009544K
Utilização de CPU:  1.1%
----------------------------------------------------
Momento: 2024-09-02 21:03:50
Estado atual do processo: Dormindo (sono interruptível) (Código: Ssl)
Espaço de memória ocupado (PCB): 6009544K
Utilização de CPU:  1.1%
----------------------------------------------------
Momento: 2024-09-02 21:03:51
Estado atual do processo: Dormindo (sono interruptível) (Código: Ssl)
Espaço de memória ocupado (PCB): 6009544K
Utilização de CPU:  1.1%
----------------------------------------------------
Momento: 2024-09-02 21:03:52
Estado atual do processo: Dormindo (sono interruptível) (Código: Ssl)
Espaço de memória ocupado (PCB): 6009544K
Utilização de CPU:  1.1%
----------------------------------------------------
Momento: 2024-09-02 21:03:53
Estado atual do processo: Dormindo (sono interruptível) (Código: Ssl)
Espaço de memória ocupado (PCB): 6009544K
Utilização de CPU:  1.1%
----------------------------------------------------
Momento: 2024-09-02 21:03:54
Estado atual do processo: Dormindo (sono interruptível) (Código: Ssl)
Espaço de memória ocupado (PCB): 6009544K
Utilização de CPU:  1.1%
----------------------------------------------------
Momento: 2024-09-02 21:03:55
Estado atual do processo: Dormindo (sono interruptível) (Código: Ssl)
Espaço de memória ocupado (PCB): 6009544K
Utilização de CPU:  1.1%
----------------------------------------------------
Momento: 2024-09-02 21:03:56
Estado atual do processo: Dormindo (sono interruptível) (Código: Ssl)
Espaço de memória ocupado (PCB): 6009544K
Utilização de CPU:  1.1%
----------------------------------------------------
Momento: 2024-09-02 21:03:57
Estado atual do processo: Dormindo (sono interruptível) (Código: Ssl)
Espaço de memória ocupado (PCB): 6009544K
Utilização de CPU:  1.1%
----------------------------------------------------
Momento: 2024-09-02 21:03:59
Estado atual do processo: Dormindo (sono interruptível) (Código: Ssl)
Espaço de memória ocupado (PCB): 6009544K
Utilização de CPU:  1.1%
----------------------------------------------------
Momento: 2024-09-02 21:04:00
Estado atual do processo: Dormindo (sono interruptível) (Código: Ssl)
Espaço de memória ocupado (PCB): 6009544K
Utilização de CPU:  1.1%
----------------------------------------------------
Momento: 2024-09-02 21:04:01
Estado atual do processo: Dormindo (sono interruptível) (Código: Ssl)
Espaço de memória ocupado (PCB): 6009544K
Utilização de CPU:  1.1%
----------------------------------------------------
Momento: 2024-09-02 21:04:02
Estado atual do processo: Dormindo (sono interruptível) (Código: Ssl)
Espaço de memória ocupado (PCB): 6009544K
Utilização de CPU:  1.1%
----------------------------------------------------
Momento: 2024-09-02 21:04:03
Estado atual do processo: Dormindo (sono interruptível) (Código: Ssl)
Espaço de memória ocupado (PCB): 6009544K
Utilização de CPU:  1.1%
----------------------------------------------------
Momento: 2024-09-02 21:04:04
Estado atual do processo: Dormindo (sono interruptível) (Código: Ssl)
Espaço de memória ocupado (PCB): 6009544K
Utilização de CPU:  1.1%
----------------------------------------------------
Momento: 2024-09-02 21:04:05
Estado atual do processo: Dormindo (sono interruptível) (Código: Ssl)
Espaço de memória ocupado (PCB): 6009544K
Utilização de CPU:  1.1%
----------------------------------------------------
Momento: 2024-09-02 21:04:06
Estado atual do processo: Dormindo (sono interruptível) (Código: Ssl)
Espaço de memória ocupado (PCB): 6009544K
Utilização de CPU:  1.1%
----------------------------------------------------
Momento: 2024-09-02 21:04:07
Estado atual do processo: Dormindo (sono interruptível) (Código: Ssl)
Espaço de memória ocupado (PCB): 6009544K
Utilização de CPU:  1.1%
----------------------------------------------------
Momento: 2024-09-02 21:04:08
Estado atual do processo: Dormindo (sono interruptível) (Código: Ssl)
Espaço de memória ocupado (PCB): 6009544K
Utilização de CPU:  1.1%
----------------------------------------------------
Momento: 2024-09-02 21:04:09
Estado atual do processo: Dormindo (sono interruptível) (Código: Ssl)
Espaço de memória ocupado (PCB): 6009544K
Utilização de CPU:  1.1%
----------------------------------------------------
Momento: 2024-09-02 21:04:10
Estado atual do processo: Dormindo (sono interruptível) (Código: Ssl)
Espaço de memória ocupado (PCB): 6009544K
Utilização de CPU:  1.1%
----------------------------------------------------
Momento: 2024-09-02 21:04:11
Estado atual do processo: Dormindo (sono interruptível) (Código: Ssl)
Espaço de memória ocupado (PCB): 6009544K
Utilização de CPU:  1.1%
----------------------------------------------------
Momento: 2024-09-02 21:04:12
Estado atual do processo: Dormindo (sono interruptível) (Código: Ssl)
Espaço de memória ocupado (PCB): 6009544K
Utilização de CPU:  1.1%
----------------------------------------------------
Momento: 2024-09-02 21:04:13
Estado atual do processo: Dormindo (sono interruptível) (Código: Ssl)
Espaço de memória ocupado (PCB): 6009544K
Utilização de CPU:  1.1%
----------------------------------------------------
Momento: 2024-09-02 21:04:14
Estado atual do processo: Dormindo (sono interruptível) (Código: Ssl)
Espaço de memória ocupado (PCB): 6009544K
Utilização de CPU:  1.1%
----------------------------------------------------
Momento: 2024-09-02 21:04:15
Estado atual do processo: Dormindo (sono interruptível) (Código: Ssl)
Espaço de memória ocupado (PCB): 6009544K
Utilização de CPU:  1.1%
----------------------------------------------------
Momento: 2024-09-02 21:04:16
Estado atual do processo: Dormindo (sono interruptível) (Código: Ssl)
Espaço de memória ocupado (PCB): 6009544K
Utilização de CPU:  1.1%
----------------------------------------------------
Momento: 2024-09-02 21:04:17
Estado atual do processo: Dormindo (sono interruptível) (Código: Ssl)
Espaço de memória ocupado (PCB): 6009544K
Utilização de CPU:  1.1%
----------------------------------------------------
Momento: 2024-09-02 21:04:18
Estado atual do processo: Dormindo (sono interruptível) (Código: Ssl)
Espaço de memória ocupado (PCB): 6009544K
Utilização de CPU:  1.1%
----------------------------------------------------
Momento: 2024-09-02 21:04:19
Estado atual do processo: Dormindo (sono interruptível) (Código: Ssl)
Espaço de memória ocupado (PCB): 6009544K
Utilização de CPU:  1.1%
----------------------------------------------------
Momento: 2024-09-02 21:04:20
Estado atual do processo: Dormindo (sono interruptível) (Código: Ssl)
Espaço de memória ocupado (PCB): 6009544K
Utilização de CPU:  1.1%
----------------------------------------------------
Momento: 2024-09-02 21:04:21
Estado atual do processo: Dormindo (sono interruptível) (Código: Ssl)
Espaço de memória ocupado (PCB): 6009544K
Utilização de CPU:  1.1%
----------------------------------------------------
Momento: 2024-09-02 21:04:22
Estado atual do processo: Dormindo (sono interruptível) (Código: Ssl)
Espaço de memória ocupado (PCB): 6009544K
Utilização de CPU:  1.1%
----------------------------------------------------
Momento: 2024-09-02 21:04:23
Estado atual do processo: Dormindo (sono interruptível) (Código: Ssl)
Espaço de memória ocupado (PCB): 6009544K
Utilização de CPU:  1.1%
Tempo limite de monitoramento (50 segundos) atingido.
Monitoramento do processo concluído.
Iniciando monitoramento detalhado do processo com PID 2262...
Monitoramento será feito por 50 segundos.
----------------------------------------------------
Momento: 2024-09-02 21:04:45
Estado atual do processo: Dormindo (sono interruptível) (Código: Sl+)
Espaço de memória ocupado (PCB): 27168508K
Utilização de CPU:  1.6%
----------------------------------------------------
Momento: 2024-09-02 21:04:46
Estado atual do processo: Dormindo (sono interruptível) (Código: Sl+)
Espaço de memória ocupado (PCB): 27160316K
Utilização de CPU:  1.6%
----------------------------------------------------
Momento: 2024-09-02 21:04:47
Estado atual do processo: Dormindo (sono interruptível) (Código: Sl+)
Espaço de memória ocupado (PCB): 27168508K
Utilização de CPU:  1.6%
----------------------------------------------------
Momento: 2024-09-02 21:04:48
Estado atual do processo: Dormindo (sono interruptível) (Código: Sl+)
Espaço de memória ocupado (PCB): 27168508K
Utilização de CPU:  1.6%
----------------------------------------------------
Momento: 2024-09-02 21:04:49
Estado atual do processo: Dormindo (sono interruptível) (Código: Sl+)
Espaço de memória ocupado (PCB): 27160316K
Utilização de CPU:  1.6%
----------------------------------------------------
Momento: 2024-09-02 21:04:50
Estado atual do processo: Dormindo (sono interruptível) (Código: Sl+)
Espaço de memória ocupado (PCB): 27168636K
Utilização de CPU:  1.6%
----------------------------------------------------
Momento: 2024-09-02 21:04:51
Estado atual do processo: Dormindo (sono interruptível) (Código: Sl+)
Espaço de memória ocupado (PCB): 27168636K
Utilização de CPU:  1.6%
----------------------------------------------------
Momento: 2024-09-02 21:04:52
Estado atual do processo: Dormindo (sono interruptível) (Código: Sl+)
Espaço de memória ocupado (PCB): 27160444K
Utilização de CPU:  1.6%
----------------------------------------------------
Momento: 2024-09-02 21:04:53
Estado atual do processo: Dormindo (sono interruptível) (Código: Sl+)
Espaço de memória ocupado (PCB): 27168636K
Utilização de CPU:  1.6%
----------------------------------------------------
Momento: 2024-09-02 21:04:54
Estado atual do processo: Dormindo (sono interruptível) (Código: Sl+)
Espaço de memória ocupado (PCB): 27168636K
Utilização de CPU:  1.6%
----------------------------------------------------
Momento: 2024-09-02 21:04:55
Estado atual do processo: Dormindo (sono interruptível) (Código: Sl+)
Espaço de memória ocupado (PCB): 27160444K
Utilização de CPU:  1.6%
----------------------------------------------------
Momento: 2024-09-02 21:04:56
Estado atual do processo: Dormindo (sono interruptível) (Código: Sl+)
Espaço de memória ocupado (PCB): 27168636K
Utilização de CPU:  1.6%
----------------------------------------------------
Momento: 2024-09-02 21:04:57
Estado atual do processo: Dormindo (sono interruptível) (Código: Sl+)
Espaço de memória ocupado (PCB): 27168636K
Utilização de CPU:  1.6%
----------------------------------------------------
Momento: 2024-09-02 21:04:58
Estado atual do processo: Dormindo (sono interruptível) (Código: Sl+)
Espaço de memória ocupado (PCB): 27160444K
Utilização de CPU:  1.6%
----------------------------------------------------
Momento: 2024-09-02 21:04:59
Estado atual do processo: Dormindo (sono interruptível) (Código: Sl+)
Espaço de memória ocupado (PCB): 27168636K
Utilização de CPU:  1.6%
----------------------------------------------------
Momento: 2024-09-02 21:05:00
Estado atual do processo: Dormindo (sono interruptível) (Código: Sl+)
Espaço de memória ocupado (PCB): 27168636K
Utilização de CPU:  1.6%
----------------------------------------------------
Momento: 2024-09-02 21:05:01
Estado atual do processo: Dormindo (sono interruptível) (Código: Sl+)
Espaço de memória ocupado (PCB): 27160444K
Utilização de CPU:  1.6%
----------------------------------------------------
Momento: 2024-09-02 21:05:02
Estado atual do processo: Dormindo (sono interruptível) (Código: Sl+)
Espaço de memória ocupado (PCB): 27168636K
Utilização de CPU:  1.6%
----------------------------------------------------
Momento: 2024-09-02 21:05:04
Estado atual do processo: Dormindo (sono interruptível) (Código: Sl+)
Espaço de memória ocupado (PCB): 27160444K
Utilização de CPU:  1.6%
----------------------------------------------------
Momento: 2024-09-02 21:05:05
Estado atual do processo: Dormindo (sono interruptível) (Código: Sl+)
Espaço de memória ocupado (PCB): 27160444K
Utilização de CPU:  1.6%
----------------------------------------------------
Momento: 2024-09-02 21:05:06
Estado atual do processo: Dormindo (sono interruptível) (Código: Sl+)
Espaço de memória ocupado (PCB): 27168636K
Utilização de CPU:  1.6%
----------------------------------------------------
Momento: 2024-09-02 21:05:07
Estado atual do processo: Dormindo (sono interruptível) (Código: Sl+)
Espaço de memória ocupado (PCB): 27160380K
Utilização de CPU:  1.6%
----------------------------------------------------
Momento: 2024-09-02 21:05:08
Estado atual do processo: Dormindo (sono interruptível) (Código: Sl+)
Espaço de memória ocupado (PCB): 27168572K
Utilização de CPU:  1.6%
----------------------------------------------------
Momento: 2024-09-02 21:05:09
Estado atual do processo: Dormindo (sono interruptível) (Código: Sl+)
Espaço de memória ocupado (PCB): 27168572K
Utilização de CPU:  1.6%
----------------------------------------------------
Momento: 2024-09-02 21:05:10
Estado atual do processo: Dormindo (sono interruptível) (Código: Sl+)
Espaço de memória ocupado (PCB): 27160380K
Utilização de CPU:  1.6%
----------------------------------------------------
Momento: 2024-09-02 21:05:11
Estado atual do processo: Dormindo (sono interruptível) (Código: Sl+)
Espaço de memória ocupado (PCB): 27168572K
Utilização de CPU:  1.6%
----------------------------------------------------
Momento: 2024-09-02 21:05:12
Estado atual do processo: Dormindo (sono interruptível) (Código: Sl+)
Espaço de memória ocupado (PCB): 27168572K
Utilização de CPU:  1.6%
----------------------------------------------------
Momento: 2024-09-02 21:05:13
Estado atual do processo: Dormindo (sono interruptível) (Código: Sl+)
Espaço de memória ocupado (PCB): 27160380K
Utilização de CPU:  1.6%
----------------------------------------------------
Momento: 2024-09-02 21:05:14
Estado atual do processo: Dormindo (sono interruptível) (Código: Sl+)
Espaço de memória ocupado (PCB): 27168572K
Utilização de CPU:  1.6%
----------------------------------------------------
Momento: 2024-09-02 21:05:15
Estado atual do processo: Dormindo (sono interruptível) (Código: Sl+)
Espaço de memória ocupado (PCB): 27168572K
Utilização de CPU:  1.6%
----------------------------------------------------
Momento: 2024-09-02 21:05:16
Estado atual do processo: Dormindo (sono interruptível) (Código: Sl+)
Espaço de memória ocupado (PCB): 27160380K
Utilização de CPU:  1.6%
----------------------------------------------------
Momento: 2024-09-02 21:05:17
Estado atual do processo: Dormindo (sono interruptível) (Código: Sl+)
Espaço de memória ocupado (PCB): 27168572K
Utilização de CPU:  1.6%
----------------------------------------------------
Momento: 2024-09-02 21:05:18
Estado atual do processo: Dormindo (sono interruptível) (Código: Sl+)
Espaço de memória ocupado (PCB): 27168572K
Utilização de CPU:  1.6%
----------------------------------------------------
Momento: 2024-09-02 21:05:19
Estado atual do processo: Dormindo (sono interruptível) (Código: Sl+)
Espaço de memória ocupado (PCB): 27160380K
Utilização de CPU:  1.6%
----------------------------------------------------
Momento: 2024-09-02 21:05:20
Estado atual do processo: Executando (Código: Rl+)
Espaço de memória ocupado (PCB): 27168572K
Utilização de CPU:  1.6%
----------------------------------------------------
Momento: 2024-09-02 21:05:21
Estado atual do processo: Dormindo (sono interruptível) (Código: Sl+)
Espaço de memória ocupado (PCB): 27168572K
Utilização de CPU:  1.6%
----------------------------------------------------
Momento: 2024-09-02 21:05:22
Estado atual do processo: Dormindo (sono interruptível) (Código: Sl+)
Espaço de memória ocupado (PCB): 27160380K
Utilização de CPU:  1.6%
----------------------------------------------------
Momento: 2024-09-02 21:05:23
Estado atual do processo: Dormindo (sono interruptível) (Código: Sl+)
Espaço de memória ocupado (PCB): 27168572K
Utilização de CPU:  1.6%
----------------------------------------------------
Momento: 2024-09-02 21:05:24
Estado atual do processo: Dormindo (sono interruptível) (Código: Sl+)
Espaço de memória ocupado (PCB): 27168572K
Utilização de CPU:  1.6%
----------------------------------------------------
Momento: 2024-09-02 21:05:25
Estado atual do processo: Dormindo (sono interruptível) (Código: Sl+)
Espaço de memória ocupado (PCB): 27160380K
Utilização de CPU:  1.6%
----------------------------------------------------
Momento: 2024-09-02 21:05:26
Estado atual do processo: Dormindo (sono interruptível) (Código: Sl+)
Espaço de memória ocupado (PCB): 27168572K
Utilização de CPU:  1.6%
----------------------------------------------------
Momento: 2024-09-02 21:05:27
Estado atual do processo: Dormindo (sono interruptível) (Código: Sl+)
Espaço de memória ocupado (PCB): 27168572K
Utilização de CPU:  1.6%
----------------------------------------------------
Momento: 2024-09-02 21:05:28
Estado atual do processo: Dormindo (sono interruptível) (Código: Sl+)
Espaço de memória ocupado (PCB): 27160380K
Utilização de CPU:  1.6%
----------------------------------------------------
Momento: 2024-09-02 21:05:29
Estado atual do processo: Dormindo (sono interruptível) (Código: Sl+)
Espaço de memória ocupado (PCB): 27168572K
Utilização de CPU:  1.6%
----------------------------------------------------
Momento: 2024-09-02 21:05:31
Estado atual do processo: Executando (Código: Rl+)
Espaço de memória ocupado (PCB): 27160380K
Utilização de CPU:  1.6%
----------------------------------------------------
Momento: 2024-09-02 21:05:32
Estado atual do processo: Dormindo (sono interruptível) (Código: Sl+)
Espaço de memória ocupado (PCB): 27160380K
Utilização de CPU:  1.6%
----------------------------------------------------
Momento: 2024-09-02 21:05:33
Estado atual do processo: Dormindo (sono interruptível) (Código: Sl+)
Espaço de memória ocupado (PCB): 27168572K
Utilização de CPU:  1.6%
----------------------------------------------------
Momento: 2024-09-02 21:05:34
Estado atual do processo: Dormindo (sono interruptível) (Código: Sl+)
Espaço de memória ocupado (PCB): 27160380K
Utilização de CPU:  1.6%
Tempo limite de monitoramento (50 segundos) atingido.
Monitoramento do processo concluído.
